To honour the JVM settings for this build a single-use Daemon process will be forked. For more on this, please refer to https://docs.gradle.org/8.10.2/userguide/gradle_daemon.html#sec:disabling_the_daemon in the Gradle documentation.
Daemon will be stopped at the end of the build 

> Configure project :app
Checking the license for package NDK (Side by side) 27.0.12077973 in /home/codespace/Android/Sdk/licenses
License for package NDK (Side by side) 27.0.12077973 accepted.
Preparing "Install NDK (Side by side) 27.0.12077973 v.27.0.12077973".
"Install NDK (Side by side) 27.0.12077973 v.27.0.12077973" ready.
Installing NDK (Side by side) 27.0.12077973 in /home/codespace/Android/Sdk/ndk/27.0.12077973
"Install NDK (Side by side) 27.0.12077973 v.27.0.12077973" complete.
"Install NDK (Side by side) 27.0.12077973 v.27.0.12077973" finished.
Checking the license for package Android SDK Build-Tools 35 in /home/codespace/Android/Sdk/licenses
License for package Android SDK Build-Tools 35 accepted.
Preparing "Install Android SDK Build-Tools 35 v.35.0.0".
"Install Android SDK Build-Tools 35 v.35.0.0" ready.
Installing Android SDK Build-Tools 35 in /home/codespace/Android/Sdk/build-tools/35.0.0
"Install Android SDK Build-Tools 35 v.35.0.0" complete.
"Install Android SDK Build-Tools 35 v.35.0.0" finished.
Checking the license for package Android SDK Platform 35 in /home/codespace/Android/Sdk/licenses
License for package Android SDK Platform 35 accepted.
Preparing "Install Android SDK Platform 35 (revision 2)".
"Install Android SDK Platform 35 (revision 2)" ready.
Installing Android SDK Platform 35 in /home/codespace/Android/Sdk/platforms/android-35
"Install Android SDK Platform 35 (revision 2)" complete.
"Install Android SDK Platform 35 (revision 2)" finished.
Checking the license for package Android SDK Platform-Tools in /home/codespace/Android/Sdk/licenses
License for package Android SDK Platform-Tools accepted.
Preparing "Install Android SDK Platform-Tools v.36.0.2".
"Install Android SDK Platform-Tools v.36.0.2" ready.
Installing Android SDK Platform-Tools in /home/codespace/Android/Sdk/platform-tools
"Install Android SDK Platform-Tools v.36.0.2" complete.
"Install Android SDK Platform-Tools v.36.0.2" finished.

> Task :app:preBuild UP-TO-DATE
> Task :app:preReleaseBuild UP-TO-DATE
> Task :app:javaPreCompileRelease
> Task :app:generateReleaseResValues
> Task :app:checkReleaseAarMetadata
> Task :app:mapReleaseSourceSetPaths
> Task :app:generateReleaseResources

> Task :app:mergeReleaseResources
/workspaces/aps3x/app/src/main/res/values-hi/strings.xml:134:1: Multiple substitutions specified in non-positional format of string resource string/resolution_not_support. Did you mean to add the formatted="false" attribute?
/workspaces/aps3x/app/src/main/res/values-id/strings.xml:135:1: Multiple substitutions specified in non-positional format of string resource string/resolution_not_support. Did you mean to add the formatted="false" attribute?
/workspaces/aps3x/app/src/main/res/values/strings.xml:136:1: Multiple substitutions specified in non-positional format of string resource string/resolution_not_support. Did you mean to add the formatted="false" attribute?
/workspaces/aps3x/app/src/main/res/values-ja/strings.xml:135:4: Multiple substitutions specified in non-positional format of string resource string/resolution_not_support. Did you mean to add the formatted="false" attribute?
/workspaces/aps3x/app/src/main/res/values-ru/strings.xml:133:1: Multiple substitutions specified in non-positional format of string resource string/resolution_not_support. Did you mean to add the formatted="false" attribute?
/workspaces/aps3x/app/src/main/res/values-ko/strings.xml:135:0: Multiple substitutions specified in non-positional format of string resource string/resolution_not_support. Did you mean to add the formatted="false" attribute?
/workspaces/aps3x/app/src/main/res/values-th/strings.xml:134:1: Multiple substitutions specified in non-positional format of string resource string/resolution_not_support. Did you mean to add the formatted="false" attribute?
/workspaces/aps3x/app/src/main/res/values-tr/strings.xml:134:1: Multiple substitutions specified in non-positional format of string resource string/resolution_not_support. Did you mean to add the formatted="false" attribute?
/workspaces/aps3x/app/src/main/res/values-uk/strings.xml:134:1: Multiple substitutions specified in non-positional format of string resource string/resolution_not_support. Did you mean to add the formatted="false" attribute?
/workspaces/aps3x/app/src/main/res/values-vi/strings.xml:135:1: Multiple substitutions specified in non-positional format of string resource string/resolution_not_support. Did you mean to add the formatted="false" attribute?
/workspaces/aps3x/app/src/main/res/values-ms/strings.xml:135:1: Multiple substitutions specified in non-positional format of string resource string/resolution_not_support. Did you mean to add the formatted="false" attribute?
/workspaces/aps3x/app/src/main/res/values-fr/strings.xml:151:1: Multiple substitutions specified in non-positional format of string resource string/resolution_not_support. Did you mean to add the formatted="false" attribute?
/workspaces/aps3x/app/src/main/res/values-es/strings.xml:134:4: Multiple substitutions specified in non-positional format of string resource string/resolution_not_support. Did you mean to add the formatted="false" attribute?
/workspaces/aps3x/app/src/main/res/values-zh-rCN/strings.xml:136:4: Multiple substitutions specified in non-positional format of string resource string/resolution_not_support. Did you mean to add the formatted="false" attribute?
/workspaces/aps3x/app/src/main/res/values-pl/strings.xml:114:4: Multiple substitutions specified in non-positional format of string resource string/resolution_not_support. Did you mean to add the formatted="false" attribute?
/workspaces/aps3x/app/src/main/res/values-it/strings.xml:142:4: Multiple substitutions specified in non-positional format of string resource string/resolution_not_support. Did you mean to add the formatted="false" attribute?
/workspaces/aps3x/app/src/main/res/values-ar/strings.xml:136:4: Multiple substitutions specified in non-positional format of string resource string/resolution_not_support. Did you mean to add the formatted="false" attribute?
/workspaces/aps3x/app/src/main/res/values-pt-rBR/strings.xml:114:4: Multiple substitutions specified in non-positional format of string resource string/resolution_not_support. Did you mean to add the formatted="false" attribute?
/workspaces/aps3x/app/src/main/res/values-zh-rTW/strings.xml:133:1: Multiple substitutions specified in non-positional format of string resource string/resolution_not_support. Did you mean to add the formatted="false" attribute?
/workspaces/aps3x/app/src/main/res/values-fa/strings.xml:135:4: Multiple substitutions specified in non-positional format of string resource string/resolution_not_support. Did you mean to add the formatted="false" attribute?

> Task :app:packageReleaseResources
> Task :app:createReleaseCompatibleScreenManifests
> Task :app:extractDeepLinksRelease
> Task :app:parseReleaseLocalResources
> Task :app:processReleaseMainManifest
> Task :app:processReleaseManifest
> Task :app:extractProguardFiles

> Task :app:mergeReleaseResources
/workspaces/aps3x/app/src/main/res/values-pt-rPT/strings.xml:133:4: Multiple substitutions specified in non-positional format of string resource string/resolution_not_support. Did you mean to add the formatted="false" attribute?
/workspaces/aps3x/app/src/main/res/values-de/strings.xml:126:4: Multiple substitutions specified in non-positional format of string resource string/resolution_not_support. Did you mean to add the formatted="false" attribute?

> Task :app:configureCMakeRelease[arm64-v8a]
Checking the license for package CMake 3.22.1 in /home/codespace/Android/Sdk/licenses
License for package CMake 3.22.1 accepted.
Preparing "Install CMake 3.22.1 v.3.22.1".
"Install CMake 3.22.1 v.3.22.1" ready.
Installing CMake 3.22.1 in /home/codespace/Android/Sdk/cmake/3.22.1
"Install CMake 3.22.1 v.3.22.1" complete.
"Install CMake 3.22.1 v.3.22.1" finished.
C/C++: -- Dependency: adding libc (Android target detected)
C/C++: ** AsmJit Summary **
C/C++:    ASMJIT_DIR=/workspaces/aps3x/app/src/main/cpp/rpcs3/3rdparty/asmjit/asmjit
C/C++:    ASMJIT_TEST=FALSE
C/C++:    ASMJIT_TARGET_TYPE=EMBED
C/C++:    ASMJIT_DEPS=c
C/C++:    ASMJIT_LIBS=c
C/C++:    ASMJIT_CFLAGS=-DASMJIT_STATIC;-DASMJIT_NO_DEPRECATED
C/C++:    ASMJIT_PRIVATE_CFLAGS=-Wall;-Wextra;-Wconversion;-fno-math-errno;-fno-threadsafe-statics;-fno-semantic-interposition;-DASMJIT_STATIC;-DASMJIT_NO_DEPRECATED
C/C++:    ASMJIT_PRIVATE_CFLAGS_DBG=
C/C++:    ASMJIT_PRIVATE_CFLAGS_REL=-O2;-fmerge-all-constants
C/C++: CMake Error at rpcs3/CMakeLists.txt:130 (message):
C/C++:   RPCS3 doesn't support building with LTO, use -DDISABLE_LTO=TRUE to
C/C++:   force-disable it

> Task :app:configureCMakeRelease[arm64-v8a] FAILED
> Task :app:processReleaseManifestForPackage

FAILURE: Build failed with an exception.

* What went wrong:
Execution failed for task ':app:configureCMakeRelease[arm64-v8a]'.
> [CXX1429] error when building with cmake using /workspaces/aps3x/app/src/main/cpp/CMakeLists.txt: -- The C compiler identification is Clang 18.0.1
  -- The CXX compiler identification is Clang 18.0.1
  -- Detecting C compiler ABI info
  -- Detecting C compiler ABI info - done
  -- Check for working C compiler: /home/codespace/Android/Sdk/ndk/27.0.12077973/toolchains/llvm/prebuilt/linux-x86_64/bin/clang - skipped
  -- Detecting C compile features
  -- Detecting C compile features - done
  -- Detecting CXX compiler ABI info
  -- Detecting CXX compiler ABI info - done
  -- Check for working CXX compiler: /home/codespace/Android/Sdk/ndk/27.0.12077973/toolchains/llvm/prebuilt/linux-x86_64/bin/clang++ - skipped
  -- Detecting CXX compile features
  -- Detecting CXX compile features - done
  -- Found PkgConfig: /usr/bin/pkg-config (found version "1.8.1") 
  -- RPCS3: Using system ZLIB
  -- The ASM compiler identification is Clang with GNU-like command-line
  -- Found assembler: /home/codespace/Android/Sdk/ndk/27.0.12077973/toolchains/llvm/prebuilt/linux-x86_64/bin/clang
  -- ZSTD VERSION: 1.5.6
  -- Performing Test C_FLAG_WALL
  -- Performing Test C_FLAG_WALL - Success
  -- Performing Test CXX_FLAG_WALL
  -- Performing Test CXX_FLAG_WALL - Success
  -- Performing Test C_FLAG_WEXTRA
  -- Performing Test C_FLAG_WEXTRA - Success
  -- Performing Test CXX_FLAG_WEXTRA
  -- Performing Test CXX_FLAG_WEXTRA - Success
  -- Performing Test C_FLAG_WUNDEF
  -- Performing Test C_FLAG_WUNDEF - Success
  -- Performing Test CXX_FLAG_WUNDEF
  -- Performing Test CXX_FLAG_WUNDEF - Success
  -- Performing Test C_FLAG_WSHADOW
  -- Performing Test C_FLAG_WSHADOW - Success
  -- Performing Test CXX_FLAG_WSHADOW
  -- Performing Test CXX_FLAG_WSHADOW - Success
  -- Performing Test C_FLAG_WCAST_ALIGN
  -- Performing Test C_FLAG_WCAST_ALIGN - Success
  -- Performing Test CXX_FLAG_WCAST_ALIGN
  -- Performing Test CXX_FLAG_WCAST_ALIGN - Success
  -- Performing Test C_FLAG_WCAST_QUAL
  -- Performing Test C_FLAG_WCAST_QUAL - Success
  -- Performing Test CXX_FLAG_WCAST_QUAL
  -- Performing Test CXX_FLAG_WCAST_QUAL - Success
  -- Performing Test C_FLAG_WSTRICT_PROTOTYPES
  -- Performing Test C_FLAG_WSTRICT_PROTOTYPES - Success
  -- Performing Test LD_FLAG_Z_NOEXECSTACK
  -- Performing Test LD_FLAG_Z_NOEXECSTACK - Failed
  -- Performing Test C_FLAG_QUNUSED_ARGUMENTS
  -- Performing Test C_FLAG_QUNUSED_ARGUMENTS - Success
  -- Performing Test CXX_FLAG_QUNUSED_ARGUMENTS
  -- Performing Test CXX_FLAG_QUNUSED_ARGUMENTS - Success
  -- Performing Test C_FLAG_WA_NOEXECSTACK
  -- Performing Test C_FLAG_WA_NOEXECSTACK - Success
  -- Performing Test CXX_FLAG_WA_NOEXECSTACK
  -- Performing Test CXX_FLAG_WA_NOEXECSTACK - Success
  -- CMAKE_INSTALL_PREFIX: /usr/local
  -- CMAKE_INSTALL_LIBDIR: lib
  -- ZSTD_LEGACY_SUPPORT defined!
  -- ZSTD_MULTITHREAD_SUPPORT is disabled
  -- Building for target architecture: aarch64
  -- Found ZLIB: /home/codespace/Android/Sdk/ndk/27.0.12077973/toolchains/llvm/prebuilt/linux-x86_64/sysroot/usr/lib/aarch64-linux-android/28/libz.so (found version "1.3.0.1") 
  -- Found AWK program: /usr/bin/gawk
  -- Checking for module 'libusb-1.0>=1.0'
  --   Package 'libusb-1.0', required by 'virtual:world', not found
  -- Looking for pthread.h
  -- Looking for pthread.h - found
  -- Performing Test CMAKE_HAVE_LIBC_PTHREAD
  -- Performing Test CMAKE_HAVE_LIBC_PTHREAD - Failed
  -- Looking for pthread_create in pthreads
  -- Looking for pthread_create in pthreads - not found
  -- Looking for pthread_create in pthread
  -- Looking for pthread_create in pthread - not found
  -- Check if compiler accepts -pthread
  -- Check if compiler accepts -pthread - yes
  -- Found Threads: TRUE  
  -- Looking for include file sys/timerfd.h
  -- Looking for include file sys/timerfd.h - found
  -- Looking for include file poll.h
  -- Looking for include file poll.h - found
  -- Looking for sys/types.h
  -- Looking for sys/types.h - found
  -- Looking for stdint.h
  -- Looking for stdint.h - found
  -- Looking for stddef.h
  -- Looking for stddef.h - found
  -- Check size of nfds_t
  -- Check size of nfds_t - done
  -- Generated configuration file in /workspaces/aps3x/app/.cxx/Release/3e3v414k/arm64-v8a/rpcs3/3rdparty/libusb/config.h
  -- hidapi skip libusb
  -- xxHash build type: Release
  -- Architecture: x86_64
  -- does not use OpenGL for Android
  -- Performing Test COMPILER_X86
  -- Performing Test COMPILER_X86 - Failed
  -- Performing Test COMPILER_HAS_HIDDEN_VISIBILITY
  -- Performing Test COMPILER_HAS_HIDDEN_VISIBILITY - Success
  -- Performing Test COMPILER_HAS_HIDDEN_INLINE_VISIBILITY
  -- Performing Test COMPILER_HAS_HIDDEN_INLINE_VISIBILITY - Success
  -- Performing Test COMPILER_HAS_DEPRECATED_ATTR
  -- Performing Test COMPILER_HAS_DEPRECATED_ATTR - Success
  -- Looking for include file pulse/pulseaudio.h
  -- Looking for include file pulse/pulseaudio.h - not found
  -- Looking for include file alsa/asoundlib.h
  -- Looking for include file alsa/asoundlib.h - not found
  -- Looking for include file jack/jack.h
  -- Looking for include file jack/jack.h - not found
  -- Looking for include file sndio.h
  -- Looking for include file sndio.h - not found
  -- Looking for include file aaudio/AAudio.h
  -- Looking for include file aaudio/AAudio.h - found
  -- Looking for include file AudioUnit/AudioUnit.h
  -- Looking for include file AudioUnit/AudioUnit.h - not found
  -- Looking for include file audioclient.h
  -- Looking for include file audioclient.h - not found
  -- Looking for include files windows.h, mmsystem.h
  -- Looking for include files windows.h, mmsystem.h - not found
  -- Looking for include file SLES/OpenSLES.h
  -- Looking for include file SLES/OpenSLES.h - found
  -- Looking for include file sys/soundcard.h
  -- Looking for include file sys/soundcard.h - not found
  -- Looking for include file android/log.h
  -- Looking for include file android/log.h - found
  -- Looking for include file sys/audioio.h
  -- Looking for include file sys/audioio.h - not found
  -- Looking for include file kai.h
  -- Looking for include file kai.h - not found
  -- Could NOT find Doxygen (missing: DOXYGEN_EXECUTABLE) 
  -- Found Vulkan: /home/codespace/Android/Sdk/ndk/27.0.12077973/toolchains/llvm/prebuilt/linux-x86_64/sysroot/usr/lib/aarch64-linux-android/28/libvulkan.so  
  -- Performing Test __CxxFlag__fno_threadsafe_statics
  -- Performing Test __CxxFlag__fno_threadsafe_statics - Success
  -- Performing Test __CxxFlag__fno_semantic_interposition
  -- Performing Test __CxxFlag__fno_semantic_interposition - Success
  -- Performing Test __CxxFlag__fmerge_all_constants
  -- Performing Test __CxxFlag__fmerge_all_constants - Success
  -- Performing Test __CxxFlag__fno_enforce_eh_specs
  -- Performing Test __CxxFlag__fno_enforce_eh_specs - Failed
  -- Performing Test COMPILER_ARM
  -- Performing Test COMPILER_ARM - Success
  -- LLVM will be built from the submodule.
  -- Found Python3: /home/codespace/.python/current/bin/python3 (found suitable version "3.12.1", minimum required is "3.0") found components: Interpreter 
  -- Performing Test LLVM_LIBSTDCXX_MIN
  -- Performing Test LLVM_LIBSTDCXX_MIN - Success
  -- Performing Test LLVM_LIBSTDCXX_SOFT_ERROR
  -- Performing Test LLVM_LIBSTDCXX_SOFT_ERROR - Success
  -- Looking for dlfcn.h
  -- Looking for dlfcn.h - found
  -- Looking for errno.h
  -- Looking for errno.h - found
  -- Looking for fcntl.h
  -- Looking for fcntl.h - found
  -- Looking for link.h
  -- Looking for link.h - found
  -- Looking for malloc/malloc.h
  -- Looking for malloc/malloc.h - not found
  -- Looking for pthread.h
  -- Looking for pthread.h - found
  -- Looking for signal.h
  -- Looking for signal.h - found
  -- Looking for sys/ioctl.h
  -- Looking for sys/ioctl.h - found
  -- Looking for sys/mman.h
  -- Looking for sys/mman.h - found
  -- Looking for sys/param.h
  -- Looking for sys/param.h - found
  -- Looking for sys/resource.h
  -- Looking for sys/resource.h - found
  -- Looking for sys/stat.h
  -- Looking for sys/stat.h - found
  -- Looking for sys/time.h
  -- Looking for sys/time.h - found
  -- Looking for sysexits.h
  -- Looking for sysexits.h - found
  -- Looking for termios.h
  -- Looking for termios.h - found
  -- Looking for unistd.h
  -- Looking for unistd.h - found
  -- Looking for valgrind/valgrind.h
  -- Looking for valgrind/valgrind.h - not found
  -- Looking for fenv.h
  -- Looking for fenv.h - found
  -- Looking for FE_ALL_EXCEPT
  -- Looking for FE_ALL_EXCEPT - found
  -- Looking for FE_INEXACT
  -- Looking for FE_INEXACT - found
  -- Performing Test HAVE_BUILTIN_THREAD_POINTER
  -- Performing Test HAVE_BUILTIN_THREAD_POINTER - Success
  -- Looking for mach/mach.h
  -- Looking for mach/mach.h - not found
  -- Looking for CrashReporterClient.h
  -- Looking for CrashReporterClient.h - not found
  -- Looking for pthread_create in pthread
  -- Looking for pthread_create in pthread - not found
  -- Looking for pthread_create in c
  -- Looking for pthread_create in c - found
  -- Looking for pthread_rwlock_init in c
  -- Looking for pthread_rwlock_init in c - found
  -- Looking for pthread_mutex_lock in c
  -- Looking for pthread_mutex_lock in c - found
  -- Looking for dlopen in dl
  -- Looking for dlopen in dl - found
  -- Looking for clock_gettime in rt
  -- Looking for clock_gettime in rt - not found
  -- Looking for pfm_initialize in pfm
  -- Looking for pfm_initialize in pfm - not found
  -- Looking for compress2
  -- Looking for compress2 - found
  -- Could NOT find LibXml2 (missing: LIBXML2_INCLUDE_DIR) 
  -- Could NOT find LibEdit (missing: LibEdit_INCLUDE_DIRS LibEdit_LIBRARIES) 
  -- Looking for arc4random
  -- Looking for arc4random - found
  -- Looking for backtrace
  -- Looking for backtrace - not found
  -- Could NOT find Backtrace (missing: Backtrace_LIBRARY) 
  -- Performing Test C_SUPPORTS_WERROR_UNGUARDED_AVAILABILITY_NEW
  -- Performing Test C_SUPPORTS_WERROR_UNGUARDED_AVAILABILITY_NEW - Success
  -- Looking for __register_frame
  -- Looking for __register_frame - found
  -- Looking for __deregister_frame
  -- Looking for __deregister_frame - found
  -- Looking for __unw_add_dynamic_fde
  -- Looking for __unw_add_dynamic_fde - found
  -- Looking for _Unwind_Backtrace
  -- Looking for _Unwind_Backtrace - found
  -- Looking for getpagesize
  -- Looking for getpagesize - found
  -- Looking for sysconf
  -- Looking for sysconf - found
  -- Looking for getrusage
  -- Looking for getrusage - found
  -- Looking for setrlimit
  -- Looking for setrlimit - found
  -- Looking for isatty
  -- Looking for isatty - found
  -- Looking for futimens
  -- Looking for futimens - found
  -- Looking for futimes
  -- Looking for futimes - not found
  -- Looking for sigaltstack
  -- Looking for sigaltstack - found
  -- Looking for mallctl
  -- Looking for mallctl - not found
  -- Looking for mallinfo
  -- Looking for mallinfo - found
  -- Looking for mallinfo2
  -- Looking for mallinfo2 - found
  -- Looking for malloc_zone_statistics
  -- Looking for malloc_zone_statistics - not found
  -- Looking for getrlimit
  -- Looking for getrlimit - found
  -- Looking for posix_spawn
  -- Looking for posix_spawn - found
  -- Looking for pread
  -- Looking for pread - found
  -- Looking for sbrk
  -- Looking for sbrk - found
  -- Looking for strerror_r
  -- Looking for strerror_r - found
  -- Looking for strerror_s
  -- Looking for strerror_s - not found
  -- Looking for setenv
  -- Looking for setenv - found
  -- Performing Test HAVE_STRUCT_STAT_ST_MTIMESPEC_TV_NSEC
  -- Performing Test HAVE_STRUCT_STAT_ST_MTIMESPEC_TV_NSEC - Failed
  -- Performing Test HAVE_STRUCT_STAT_ST_MTIM_TV_NSEC
  -- Performing Test HAVE_STRUCT_STAT_ST_MTIM_TV_NSEC - Success
  -- Looking for __GLIBC__
  -- Looking for __GLIBC__ - not found
  -- Looking for pthread_getname_np
  -- Looking for pthread_getname_np - not found
  -- Looking for pthread_setname_np
  -- Looking for pthread_setname_np - found
  -- Looking for dlopen
  -- Looking for dlopen - found
  -- Looking for dladdr
  -- Looking for dladdr - found
  -- Looking for proc_pid_rusage
  -- Looking for proc_pid_rusage - not found
  -- Performing Test HAVE_CXX_ATOMICS_WITHOUT_LIB
  -- Performing Test HAVE_CXX_ATOMICS_WITHOUT_LIB - Success
  -- Performing Test HAVE_CXX_ATOMICS64_WITHOUT_LIB
  -- Performing Test HAVE_CXX_ATOMICS64_WITHOUT_LIB - Success
  -- Performing Test LLVM_HAS_ATOMICS
  -- Performing Test LLVM_HAS_ATOMICS - Success
  -- LLVM host triple: x86_64-unknown-linux-gnu
  -- Native target architecture is AArch64
  -- Threads enabled.
  -- Doxygen disabled.
  -- Ninja version: 1.10.2
  -- Could NOT find OCaml (missing: OCAMLFIND OCAML_VERSION OCAML_STDLIB_PATH) 
  -- Could NOT find OCaml (missing: OCAMLFIND OCAML_VERSION OCAML_STDLIB_PATH) 
  -- OCaml bindings disabled.
  -- Found Python module pygments
  -- Found Python module pygments.lexers.c_cpp
  -- Found Python module yaml
  -- LLVM default target triple: x86_64-unknown-linux-gnu
  -- Performing Test C_SUPPORTS_FPIC
  -- Performing Test C_SUPPORTS_FPIC - Success
  -- Performing Test CXX_SUPPORTS_FPIC
  -- Performing Test CXX_SUPPORTS_FPIC - Success
  -- Building with -fPIC
  -- Performing Test C_SUPPORTS_FNO_SEMANTIC_INTERPOSITION
  -- Performing Test C_SUPPORTS_FNO_SEMANTIC_INTERPOSITION - Success
  -- Performing Test CXX_SUPPORTS_FNO_SEMANTIC_INTERPOSITION
  -- Performing Test CXX_SUPPORTS_FNO_SEMANTIC_INTERPOSITION - Success
  -- Performing Test SUPPORTS_FVISIBILITY_INLINES_HIDDEN_FLAG
  -- Performing Test SUPPORTS_FVISIBILITY_INLINES_HIDDEN_FLAG - Success
  -- Performing Test LINKER_SUPPORTS_COLOR_DIAGNOSTICS
  -- Performing Test LINKER_SUPPORTS_COLOR_DIAGNOSTICS - Success
  -- Looking for os_signpost_interval_begin
  -- Looking for os_signpost_interval_begin - not found
  -- Linker detection: LLD
  -- Setting native build dir to /workspaces/aps3x/app/.cxx/Release/3e3v414k/arm64-v8a/rpcs3/3rdparty/llvm/llvm_build/NATIVE
  -- Performing Test HAS_WERROR_GLOBAL_CTORS
  -- Performing Test HAS_WERROR_GLOBAL_CTORS - Success
  -- Performing Test LLVM_HAS_NOGLOBAL_CTOR_MUTEX
  -- Performing Test LLVM_HAS_NOGLOBAL_CTOR_MUTEX - Success
  -- Looking for __x86_64__
  -- Looking for __x86_64__ - not found
  -- Found Git: /usr/local/bin/git (found version "2.52.0") 
  -- Looking for logf128
  -- Looking for logf128 - not found
  -- Targeting AArch64
  -- Could NOT find LibXml2 (missing: LIBXML2_INCLUDE_DIR) 
  -- Looking for arpa/inet.h
  -- Looking for arpa/inet.h - found
  -- Looking for limits.h
  -- Looking for limits.h - found
  -- Looking for netdb.h
  -- Looking for netdb.h - found
  -- Looking for netinet/in.h
  -- Looking for netinet/in.h - found
  -- Looking for time.h
  -- Looking for time.h - found
  -- Looking for sys/socket.h
  -- Looking for sys/socket.h - found
  -- Looking for inttypes.h
  -- Looking for inttypes.h - found
  -- Looking for memory.h
  -- Looking for memory.h - found
  -- Looking for stdlib.h
  -- Looking for stdlib.h - found
  -- Looking for string.h
  -- Looking for string.h - found
  -- Looking for strings.h
  -- Looking for strings.h - found
  -- Looking for gethostbyname
  -- Looking for gethostbyname - found
  -- Looking for getaddrinfo
  -- Looking for getaddrinfo - found
  -- Looking for gettimeofday
  -- Looking for gettimeofday - found
  -- Looking for gmtime_r
  -- Looking for gmtime_r - found
  -- Looking for inet_ntoa
  -- Looking for inet_ntoa - found
  -- Looking for memset
  -- Looking for memset - found
  -- Looking for socket
  -- Looking for socket - found
  -- Looking for strftime
  -- Looking for strftime - found
  -- Looking for __atomic_fetch_add
  -- Looking for __atomic_fetch_add - not found
  -- Check size of __uint128_t
  -- Check size of __uint128_t - done
  -- Check size of long long
  -- Check size of long long - done
  -- Check size of long
  -- Check size of long - done
  -- Check size of time_t
  -- Check size of time_t - done
  -- Performing Test THREAD_LS_ON
  -- Performing Test THREAD_LS_ON - Success
  -- Looking for WOLFSSL_EXPERIMENTAL
  -- Looking for WOLFSSL_EXPERIMENTAL - not found
  -- Generating user options header...
  -- Static Libs: wolfcrypt/src/hmac.c;wolfcrypt/src/hash.c;wolfcrypt/src/cpuid.c;wolfcrypt/src/kdf.c;wolfcrypt/src/random.c;wolfcrypt/src/sha256.c;wolfcrypt/src/rsa.c;wolfcrypt/src/sp_int.c;wolfcrypt/src/aes.c;wolfcrypt/src/des3.c;wolfcrypt/src/sha.c;wolfcrypt/src/sha512.c;wolfcrypt/src/sha3.c;wolfcrypt/src/logging.c;wolfcrypt/src/wc_port.c;wolfcrypt/src/error.c;wolfcrypt/src/wc_encrypt.c;wolfcrypt/src/signature.c;wolfcrypt/src/wolfmath.c;wolfcrypt/src/memory.c;wolfcrypt/src/dh.c;wolfcrypt/src/asn.c;wolfcrypt/src/coding.c;wolfcrypt/src/poly1305.c;wolfcrypt/src/md5.c;wolfcrypt/src/pwdbased.c;wolfcrypt/src/pkcs12.c;wolfcrypt/src/chacha.c;wolfcrypt/src/chacha20_poly1305.c;wolfcrypt/src/tfm.c;wolfcrypt/src/integer.c;wolfcrypt/src/ecc.c;src/internal.c;src/wolfio.c;src/keys.c;src/ssl.c;src/ocsp.c;src/tls.c
  -- WOLFSSL_INCLUDE_DIRS is blank. No additional directories will be added.
  -- RPCS3: building libcurl + wolfssl submodules
  -- Using CMake version 3.22.1-g37088a8
  -- CMake platform flags: UNIX CROSS
  -- Cross-compiling: Linux/x86_64 -> Android/aarch64
  -- curl version=[8.10.1-DEV]
  -- Picky compiler options: -Werror-implicit-function-declaration -Wextra -Wall -pedantic -Wbad-function-cast -Wconversion -Winline -Wmissing-declarations -Wmissing-prototypes -Wnested-externs -Wno-long-long -Wno-multichar -Wpointer-arith -Wshadow -Wsign-compare -Wundef -Wunused -Wwrite-strings -Waddress -Wattributes -Wcast-align -Wdeclaration-after-statement -Wdiv-by-zero -Wempty-body -Wendif-labels -Wfloat-equal -Wformat-security -Wignored-qualifiers -Wmissing-field-initializers -Wmissing-noreturn -Wno-format-nonliteral -Wno-system-headers -Wold-style-definition -Wredundant-decls -Wsign-conversion -Wno-error=sign-conversion -Wstrict-prototypes -Wtype-limits -Wunreachable-code -Wunused-parameter -Wvla -Wshift-sign-overflow -Wshorten-64-to-32 -Wlanguage-extension-token -Wformat=2 -Wdouble-promotion -Wenum-conversion -Wpragmas -Wunused-const-variable -Wunreachable-code-break -Wheader-guard -Wsometimes-uninitialized -Wcomma -Wmissing-variable-declarations -Wassign-enum -Wextra-semi-stmt -Wimplicit-fallthrough
  -- Performing Test HAVE_SOCKADDR_IN6_SIN6_ADDR
  -- Performing Test HAVE_SOCKADDR_IN6_SIN6_ADDR - Success
  -- Performing Test HAVE_SOCKADDR_IN6_SIN6_SCOPE_ID
  -- Performing Test HAVE_SOCKADDR_IN6_SIN6_SCOPE_ID - Success
  -- Found Perl: /usr/bin/perl (found version "5.38.2") 
  -- Looking for connect in socket
  -- Looking for connect in socket - not found
  -- Looking for gethostname
  -- Looking for gethostname - found
  -- Looking for wolfSSL_DES_ecb_encrypt
  -- Looking for wolfSSL_DES_ecb_encrypt - not found
  -- Looking for wolfSSL_BIO_set_shutdown
  -- Looking for wolfSSL_BIO_set_shutdown - not found
  -- Looking for SSL_set0_wbio
  -- Looking for SSL_set0_wbio - not found
  -- Looking for SSL_CTX_set_srp_username
  -- Looking for SSL_CTX_set_srp_username - not found
  -- Checking for module 'libnghttp2'
  --   Package 'libnghttp2', required by 'virtual:world', not found
  -- Could NOT find NGHTTP2 (missing: NGHTTP2_INCLUDE_DIR NGHTTP2_LIBRARY) 
  -- Performing Test USE_UNIX_SOCKETS
  -- Performing Test USE_UNIX_SOCKETS - Success
  -- Looking for include file sys/eventfd.h
  -- Looking for include file sys/eventfd.h - found
  -- Looking for include files sys/eventfd.h, sys/filio.h
  -- Looking for include files sys/eventfd.h, sys/filio.h - not found
  -- Looking for include files sys/eventfd.h, sys/wait.h
  -- Looking for include files sys/eventfd.h, sys/wait.h - found
  -- Looking for 5 include files sys/eventfd.h, ..., sys/poll.h
  -- Looking for 5 include files sys/eventfd.h, ..., sys/poll.h - found
  -- Looking for 7 include files sys/eventfd.h, ..., sys/select.h
  -- Looking for 7 include files sys/eventfd.h, ..., sys/select.h - found
  -- Looking for 9 include files sys/eventfd.h, ..., sys/sockio.h
  -- Looking for 9 include files sys/eventfd.h, ..., sys/sockio.h - not found
  -- Looking for 12 include files sys/eventfd.h, ..., sys/un.h
  -- Looking for 12 include files sys/eventfd.h, ..., sys/un.h - found
  -- Looking for 13 include files sys/eventfd.h, ..., sys/utime.h
  -- Looking for 13 include files sys/eventfd.h, ..., sys/utime.h - not found
  -- Looking for 13 include files sys/eventfd.h, ..., sys/xattr.h
  -- Looking for 13 include files sys/eventfd.h, ..., sys/xattr.h - found
  -- Looking for 15 include files sys/eventfd.h, ..., dirent.h
  -- Looking for 15 include files sys/eventfd.h, ..., dirent.h - found
  -- Looking for 17 include files sys/eventfd.h, ..., ifaddrs.h
  -- Looking for 17 include files sys/eventfd.h, ..., ifaddrs.h - found
  -- Looking for 18 include files sys/eventfd.h, ..., io.h
  -- Looking for 18 include files sys/eventfd.h, ..., io.h - not found
  -- Looking for 18 include files sys/eventfd.h, ..., libgen.h
  -- Looking for 18 include files sys/eventfd.h, ..., libgen.h - found
  -- Looking for 19 include files sys/eventfd.h, ..., locale.h
  -- Looking for 19 include files sys/eventfd.h, ..., locale.h - found
  -- Looking for 20 include files sys/eventfd.h, ..., net/if.h
  -- Looking for 20 include files sys/eventfd.h, ..., net/if.h - found
  -- Looking for 23 include files sys/eventfd.h, ..., netinet/tcp.h
  -- Looking for 23 include files sys/eventfd.h, ..., netinet/tcp.h - found
  -- Looking for 24 include files sys/eventfd.h, ..., netinet/udp.h
  -- Looking for 24 include files sys/eventfd.h, ..., netinet/udp.h - found
  -- Looking for linux/tcp.h
  -- Looking for linux/tcp.h - found
  -- Looking for 26 include files sys/eventfd.h, ..., pwd.h
  -- Looking for 26 include files sys/eventfd.h, ..., pwd.h - found
  -- Looking for 27 include files sys/eventfd.h, ..., stdatomic.h
  -- Looking for 27 include files sys/eventfd.h, ..., stdatomic.h - found
  -- Looking for 28 include files sys/eventfd.h, ..., stdbool.h
  -- Looking for 28 include files sys/eventfd.h, ..., stdbool.h - found
  -- Looking for 30 include files sys/eventfd.h, ..., stropts.h
  -- Looking for 30 include files sys/eventfd.h, ..., stropts.h - not found
  -- Looking for 30 include files sys/eventfd.h, ..., termio.h
  -- Looking for 30 include files sys/eventfd.h, ..., termio.h - found
  -- Looking for 33 include files sys/eventfd.h, ..., utime.h
  -- Looking for 33 include files sys/eventfd.h, ..., utime.h - found
  -- Check size of size_t
  -- Check size of size_t - done
  -- Check size of ssize_t
  -- Check size of ssize_t - done
  -- Check size of int
  -- Check size of int - done
  -- Check size of __int64
  -- Check size of __int64 - failed
  -- Check size of suseconds_t
  -- Check size of suseconds_t - done
  -- Looking for fnmatch
  -- Looking for fnmatch - found
  -- Looking for basename
  -- Looking for basename - found
  -- Looking for opendir
  -- Looking for opendir - found
  -- Looking for sched_yield
  -- Looking for sched_yield - found
  -- Looking for socketpair
  -- Looking for socketpair - found
  -- Looking for recv
  -- Looking for recv - found
  -- Looking for send
  -- Looking for send - found
  -- Looking for sendmsg
  -- Looking for sendmsg - found
  -- Looking for select
  -- Looking for select - found
  -- Looking for strdup
  -- Looking for strdup - found
  -- Looking for strtok_r
  -- Looking for strtok_r - found
  -- Looking for strcasecmp
  -- Looking for strcasecmp - found
  -- Looking for stricmp
  -- Looking for stricmp - not found
  -- Looking for strcmpi
  -- Looking for strcmpi - not found
  -- Looking for memrchr
  -- Looking for memrchr - found
  -- Looking for alarm
  -- Looking for alarm - found
  -- Looking for arc4random
  -- Looking for arc4random - found
  -- Looking for fcntl
  -- Looking for fcntl - found
  -- Looking for getppid
  -- Looking for getppid - found
  -- Looking for utimes
  -- Looking for utimes - found
  -- Looking for closesocket
  -- Looking for closesocket - not found
  -- Looking for sigsetjmp
  -- Looking for sigsetjmp - found
  -- Looking for getpass_r
  -- Looking for getpass_r - not found
  -- Looking for getpwuid
  -- Looking for getpwuid - found
  -- Looking for getpwuid_r
  -- Looking for getpwuid_r - found
  -- Looking for geteuid
  -- Looking for geteuid - found
  -- Looking for utime
  -- Looking for utime - found
  -- Looking for gethostbyname_r
  -- Looking for gethostbyname_r - found
  -- Looking for signal
  -- Looking for signal - found
  -- Looking for strtoll
  -- Looking for strtoll - found
  -- Looking for sigaction
  -- Looking for sigaction - found
  -- Looking for siginterrupt
  -- Looking for siginterrupt - found
  -- Looking for getifaddrs
  -- Looking for getifaddrs - found
  -- Looking for freeaddrinfo
  -- Looking for freeaddrinfo - found
  -- Looking for pipe
  -- Looking for pipe - found
  -- Looking for eventfd
  -- Looking for eventfd - found
  -- Looking for ftruncate
  -- Looking for ftruncate - found
  -- Looking for _fseeki64
  -- Looking for _fseeki64 - not found
  -- Looking for getpeername
  -- Looking for getpeername - found
  -- Looking for getsockname
  -- Looking for getsockname - found
  -- Looking for if_nametoindex
  -- Looking for if_nametoindex - found
  -- Looking for setlocale
  -- Looking for setlocale - found
  -- Looking for setmode
  -- Looking for setmode - not found
  -- Looking for snprintf
  -- Looking for snprintf - found
  -- Looking for mach_absolute_time
  -- Looking for mach_absolute_time - not found
  -- Looking for inet_ntop
  -- Looking for inet_ntop - found
  -- Looking for inet_pton
  -- Looking for inet_pton - found
  -- Looking for fsetxattr
  -- Looking for fsetxattr - found
  -- Performing Test HAVE_FSETXATTR_5
  -- Performing Test HAVE_FSETXATTR_5 - Success
  -- Performing Test HAVE_FSETXATTR_6
  -- Performing Test HAVE_FSETXATTR_6 - Failed
  -- Check size of sa_family_t
  -- Check size of sa_family_t - done
  -- Performing Test HAVE_FCNTL_O_NONBLOCK
  -- Performing Test HAVE_FCNTL_O_NONBLOCK - Success
  -- Performing Test HAVE_IOCTLSOCKET
  -- Performing Test HAVE_IOCTLSOCKET - Failed
  -- Performing Test HAVE_IOCTLSOCKET_CAMEL
  -- Performing Test HAVE_IOCTLSOCKET_CAMEL - Failed
  -- Performing Test HAVE_IOCTLSOCKET_CAMEL_FIONBIO
  -- Performing Test HAVE_IOCTLSOCKET_CAMEL_FIONBIO - Failed
  -- Performing Test HAVE_IOCTLSOCKET_FIONBIO
  -- Performing Test HAVE_IOCTLSOCKET_FIONBIO - Failed
  -- Performing Test HAVE_IOCTL_FIONBIO
  -- Performing Test HAVE_IOCTL_FIONBIO - Success
  -- Performing Test HAVE_IOCTL_SIOCGIFADDR
  -- Performing Test HAVE_IOCTL_SIOCGIFADDR - Success
  -- Performing Test HAVE_SETSOCKOPT_SO_NONBLOCK
  -- Performing Test HAVE_SETSOCKOPT_SO_NONBLOCK - Failed
  -- Performing Test HAVE_O_NONBLOCK
  -- Performing Test HAVE_O_NONBLOCK - Failed
  -- Performing Test HAVE_GETHOSTBYNAME_R_3
  -- Performing Test HAVE_GETHOSTBYNAME_R_3 - Failed
  -- Performing Test HAVE_GETHOSTBYNAME_R_5
  -- Performing Test HAVE_GETHOSTBYNAME_R_5 - Failed
  -- Performing Test HAVE_GETHOSTBYNAME_R_6
  -- Performing Test HAVE_GETHOSTBYNAME_R_6 - Success
  -- Performing Test HAVE_GETHOSTBYNAME_R_3_REENTRANT
  -- Performing Test HAVE_GETHOSTBYNAME_R_3_REENTRANT - Failed
  -- Performing Test HAVE_GETHOSTBYNAME_R_5_REENTRANT
  -- Performing Test HAVE_GETHOSTBYNAME_R_5_REENTRANT - Failed
  -- Performing Test HAVE_GETHOSTBYNAME_R_6_REENTRANT
  -- Performing Test HAVE_GETHOSTBYNAME_R_6_REENTRANT - Success
  -- Performing Test HAVE_IN_ADDR_T
  -- Performing Test HAVE_IN_ADDR_T - Success
  -- Performing Test HAVE_BOOL_T
  -- Performing Test HAVE_BOOL_T - Success
  -- Performing Test STDC_HEADERS
  -- Performing Test STDC_HEADERS - Success
  -- Performing Test HAVE_FILE_OFFSET_BITS
  -- Performing Test HAVE_FILE_OFFSET_BITS - Success
  -- Performing Test HAVE_ATOMIC
  -- Performing Test HAVE_ATOMIC - Success
  -- Check size of off_t
  -- Check size of off_t - done
  -- Looking for fseeko
  -- Looking for fseeko - found
  -- Check size of curl_off_t
  -- Check size of curl_off_t - done
  -- Check size of curl_socket_t
  -- Check size of curl_socket_t - done
  -- Performing Test HAVE_GLIBC_STRERROR_R
  -- Performing Test HAVE_GLIBC_STRERROR_R - Failed
  -- Performing Test HAVE_POSIX_STRERROR_R
  -- Performing Test HAVE_POSIX_STRERROR_R - Success
  -- Performing Test HAVE_CLOCK_GETTIME_MONOTONIC
  -- Performing Test HAVE_CLOCK_GETTIME_MONOTONIC - Success
  -- Check size of struct sockaddr_storage
  -- Check size of struct sockaddr_storage - done
  -- Performing Test HAVE_MSG_NOSIGNAL
  -- Performing Test HAVE_MSG_NOSIGNAL - Success
  -- Performing Test HAVE_STRUCT_TIMEVAL
  -- Performing Test HAVE_STRUCT_TIMEVAL - Success
  -- Performing Test HAVE_POLL_FINE
  -- Performing Test HAVE_POLL_FINE - Failed
  -- Performing Test HAVE_H_ERRNO
  -- Performing Test HAVE_H_ERRNO - Success
  -- Performing Test HAVE_CLOCK_GETTIME_MONOTONIC_RAW
  -- Performing Test HAVE_CLOCK_GETTIME_MONOTONIC_RAW - Success
  -- Protocols: http ipfs ipns
  -- Features: alt-svc AsynchDNS IPv6 Largefile libz threadsafe UnixSockets
  -- Enabled SSL backends: 
  -- Configuring incomplete, errors occurred!
  See also "/workspaces/aps3x/app/.cxx/Release/3e3v414k/arm64-v8a/CMakeFiles/CMakeOutput.log".
  See also "/workspaces/aps3x/app/.cxx/Release/3e3v414k/arm64-v8a/CMakeFiles/CMakeError.log".
  
  C++ build system [configure] failed while executing:
      /home/codespace/Android/Sdk/cmake/3.22.1/bin/cmake \
        -H/workspaces/aps3x/app/src/main/cpp \
        -DCMAKE_SYSTEM_NAME=Android \
        -DCMAKE_EXPORT_COMPILE_COMMANDS=ON \
        -DCMAKE_SYSTEM_VERSION=28 \
        -DANDROID_PLATFORM=android-28 \
        -DANDROID_ABI=arm64-v8a \
        -DCMAKE_ANDROID_ARCH_ABI=arm64-v8a \
        -DANDROID_NDK=/home/codespace/Android/Sdk/ndk/27.0.12077973 \
        -DCMAKE_ANDROID_NDK=/home/codespace/Android/Sdk/ndk/27.0.12077973 \
        -DCMAKE_TOOLCHAIN_FILE=/home/codespace/Android/Sdk/ndk/27.0.12077973/build/cmake/android.toolchain.cmake \
        -DCMAKE_MAKE_PROGRAM=/home/codespace/Android/Sdk/cmake/3.22.1/bin/ninja \
        "-DCMAKE_C_FLAGS=-Ofast -flto=thin -fomit-frame-pointer" \
        "-DCMAKE_CXX_FLAGS= -Ofast -flto=thin -fomit-frame-pointer -ffast-math" \
        -DCMAKE_LIBRARY_OUTPUT_DIRECTORY=/workspaces/aps3x/app/build/intermediates/cxx/Release/3e3v414k/obj/arm64-v8a \
        -DCMAKE_RUNTIME_OUTPUT_DIRECTORY=/workspaces/aps3x/app/build/intermediates/cxx/Release/3e3v414k/obj/arm64-v8a \
        -B/workspaces/aps3x/app/.cxx/Release/3e3v414k/arm64-v8a \
        -GNinja \
        -DANDROID_STL=c++_shared \
        -DCMAKE_BUILD_TYPE=Release \
        "-DCMAKE_C_FLAGS_RELEASE=-Ofast -flto=thin -DNDEBUG" \
        "-DCMAKE_CXX_FLAGS_RELEASE=-Ofast -flto=thin -DNDEBUG"
    from /workspaces/aps3x/app
  -- Dependency: adding libc (Android target detected)
  ** AsmJit Summary **
     ASMJIT_DIR=/workspaces/aps3x/app/src/main/cpp/rpcs3/3rdparty/asmjit/asmjit
     ASMJIT_TEST=FALSE
     ASMJIT_TARGET_TYPE=EMBED
     ASMJIT_DEPS=c
     ASMJIT_LIBS=c
     ASMJIT_CFLAGS=-DASMJIT_STATIC;-DASMJIT_NO_DEPRECATED
     ASMJIT_PRIVATE_CFLAGS=-Wall;-Wextra;-Wconversion;-fno-math-errno;-fno-threadsafe-statics;-fno-semantic-interposition;-DASMJIT_STATIC;-DASMJIT_NO_DEPRECATED
     ASMJIT_PRIVATE_CFLAGS_DBG=
     ASMJIT_PRIVATE_CFLAGS_REL=-O2;-fmerge-all-constants
  CMake Error at rpcs3/CMakeLists.txt:130 (message):
    RPCS3 doesn't support building with LTO, use -DDISABLE_LTO=TRUE to
    force-disable it : com.android.ide.common.process.ProcessException: -- The C compiler identification is Clang 18.0.1
  -- The CXX compiler identification is Clang 18.0.1
  -- Detecting C compiler ABI info
  -- Detecting C compiler ABI info - done
  -- Check for working C compiler: /home/codespace/Android/Sdk/ndk/27.0.12077973/toolchains/llvm/prebuilt/linux-x86_64/bin/clang - skipped
  -- Detecting C compile features
  -- Detecting C compile features - done
  -- Detecting CXX compiler ABI info
  -- Detecting CXX compiler ABI info - done
  -- Check for working CXX compiler: /home/codespace/Android/Sdk/ndk/27.0.12077973/toolchains/llvm/prebuilt/linux-x86_64/bin/clang++ - skipped
  -- Detecting CXX compile features
  -- Detecting CXX compile features - done
  -- Found PkgConfig: /usr/bin/pkg-config (found version "1.8.1") 
  -- RPCS3: Using system ZLIB
  -- The ASM compiler identification is Clang with GNU-like command-line
  -- Found assembler: /home/codespace/Android/Sdk/ndk/27.0.12077973/toolchains/llvm/prebuilt/linux-x86_64/bin/clang
  -- ZSTD VERSION: 1.5.6
  -- Performing Test C_FLAG_WALL
  -- Performing Test C_FLAG_WALL - Success
  -- Performing Test CXX_FLAG_WALL
  -- Performing Test CXX_FLAG_WALL - Success
  -- Performing Test C_FLAG_WEXTRA
  -- Performing Test C_FLAG_WEXTRA - Success
  -- Performing Test CXX_FLAG_WEXTRA
  -- Performing Test CXX_FLAG_WEXTRA - Success
  -- Performing Test C_FLAG_WUNDEF
  -- Performing Test C_FLAG_WUNDEF - Success
  -- Performing Test CXX_FLAG_WUNDEF
  -- Performing Test CXX_FLAG_WUNDEF - Success
  -- Performing Test C_FLAG_WSHADOW
  -- Performing Test C_FLAG_WSHADOW - Success
  -- Performing Test CXX_FLAG_WSHADOW
  -- Performing Test CXX_FLAG_WSHADOW - Success
  -- Performing Test C_FLAG_WCAST_ALIGN
  -- Performing Test C_FLAG_WCAST_ALIGN - Success
  -- Performing Test CXX_FLAG_WCAST_ALIGN
  -- Performing Test CXX_FLAG_WCAST_ALIGN - Success
  -- Performing Test C_FLAG_WCAST_QUAL
  -- Performing Test C_FLAG_WCAST_QUAL - Success
  -- Performing Test CXX_FLAG_WCAST_QUAL
  -- Performing Test CXX_FLAG_WCAST_QUAL - Success
  -- Performing Test C_FLAG_WSTRICT_PROTOTYPES
  -- Performing Test C_FLAG_WSTRICT_PROTOTYPES - Success
  -- Performing Test LD_FLAG_Z_NOEXECSTACK
  -- Performing Test LD_FLAG_Z_NOEXECSTACK - Failed
  -- Performing Test C_FLAG_QUNUSED_ARGUMENTS
  -- Performing Test C_FLAG_QUNUSED_ARGUMENTS - Success
  -- Performing Test CXX_FLAG_QUNUSED_ARGUMENTS
  -- Performing Test CXX_FLAG_QUNUSED_ARGUMENTS - Success
  -- Performing Test C_FLAG_WA_NOEXECSTACK
  -- Performing Test C_FLAG_WA_NOEXECSTACK - Success
  -- Performing Test CXX_FLAG_WA_NOEXECSTACK
  -- Performing Test CXX_FLAG_WA_NOEXECSTACK - Success
  -- CMAKE_INSTALL_PREFIX: /usr/local
  -- CMAKE_INSTALL_LIBDIR: lib
  -- ZSTD_LEGACY_SUPPORT defined!
  -- ZSTD_MULTITHREAD_SUPPORT is disabled
  -- Building for target architecture: aarch64
  -- Found ZLIB: /home/codespace/Android/Sdk/ndk/27.0.12077973/toolchains/llvm/prebuilt/linux-x86_64/sysroot/usr/lib/aarch64-linux-android/28/libz.so (found version "1.3.0.1") 
  -- Found AWK program: /usr/bin/gawk
  -- Checking for module 'libusb-1.0>=1.0'
  --   Package 'libusb-1.0', required by 'virtual:world', not found
  -- Looking for pthread.h
  -- Looking for pthread.h - found
  -- Performing Test CMAKE_HAVE_LIBC_PTHREAD
  -- Performing Test CMAKE_HAVE_LIBC_PTHREAD - Failed
  -- Looking for pthread_create in pthreads
  -- Looking for pthread_create in pthreads - not found
  -- Looking for pthread_create in pthread
  -- Looking for pthread_create in pthread - not found
  -- Check if compiler accepts -pthread
  -- Check if compiler accepts -pthread - yes
  -- Found Threads: TRUE  
  -- Looking for include file sys/timerfd.h
  -- Looking for include file sys/timerfd.h - found
  -- Looking for include file poll.h
  -- Looking for include file poll.h - found
  -- Looking for sys/types.h
  -- Looking for sys/types.h - found
  -- Looking for stdint.h
  -- Looking for stdint.h - found
  -- Looking for stddef.h
  -- Looking for stddef.h - found
  -- Check size of nfds_t
  -- Check size of nfds_t - done
  -- Generated configuration file in /workspaces/aps3x/app/.cxx/Release/3e3v414k/arm64-v8a/rpcs3/3rdparty/libusb/config.h
  -- hidapi skip libusb
  -- xxHash build type: Release
  -- Architecture: x86_64
  -- does not use OpenGL for Android
  -- Performing Test COMPILER_X86
  -- Performing Test COMPILER_X86 - Failed
  -- Performing Test COMPILER_HAS_HIDDEN_VISIBILITY
  -- Performing Test COMPILER_HAS_HIDDEN_VISIBILITY - Success
  -- Performing Test COMPILER_HAS_HIDDEN_INLINE_VISIBILITY
  -- Performing Test COMPILER_HAS_HIDDEN_INLINE_VISIBILITY - Success
  -- Performing Test COMPILER_HAS_DEPRECATED_ATTR
  -- Performing Test COMPILER_HAS_DEPRECATED_ATTR - Success
  -- Looking for include file pulse/pulseaudio.h
  -- Looking for include file pulse/pulseaudio.h - not found
  -- Looking for include file alsa/asoundlib.h
  -- Looking for include file alsa/asoundlib.h - not found
  -- Looking for include file jack/jack.h
  -- Looking for include file jack/jack.h - not found
  -- Looking for include file sndio.h
  -- Looking for include file sndio.h - not found
  -- Looking for include file aaudio/AAudio.h
  -- Looking for include file aaudio/AAudio.h - found
  -- Looking for include file AudioUnit/AudioUnit.h
  -- Looking for include file AudioUnit/AudioUnit.h - not found
  -- Looking for include file audioclient.h
  -- Looking for include file audioclient.h - not found
  -- Looking for include files windows.h, mmsystem.h
  -- Looking for include files windows.h, mmsystem.h - not found
  -- Looking for include file SLES/OpenSLES.h
  -- Looking for include file SLES/OpenSLES.h - found
  -- Looking for include file sys/soundcard.h
  -- Looking for include file sys/soundcard.h - not found
  -- Looking for include file android/log.h
  -- Looking for include file android/log.h - found
  -- Looking for include file sys/audioio.h
  -- Looking for include file sys/audioio.h - not found
  -- Looking for include file kai.h
  -- Looking for include file kai.h - not found
  -- Could NOT find Doxygen (missing: DOXYGEN_EXECUTABLE) 
  -- Found Vulkan: /home/codespace/Android/Sdk/ndk/27.0.12077973/toolchains/llvm/prebuilt/linux-x86_64/sysroot/usr/lib/aarch64-linux-android/28/libvulkan.so  
  -- Performing Test __CxxFlag__fno_threadsafe_statics
  -- Performing Test __CxxFlag__fno_threadsafe_statics - Success
  -- Performing Test __CxxFlag__fno_semantic_interposition
  -- Performing Test __CxxFlag__fno_semantic_interposition - Success
  -- Performing Test __CxxFlag__fmerge_all_constants
  -- Performing Test __CxxFlag__fmerge_all_constants - Success
  -- Performing Test __CxxFlag__fno_enforce_eh_specs
  -- Performing Test __CxxFlag__fno_enforce_eh_specs - Failed
  -- Performing Test COMPILER_ARM
  -- Performing Test COMPILER_ARM - Success
  -- LLVM will be built from the submodule.
  -- Found Python3: /home/codespace/.python/current/bin/python3 (found suitable version "3.12.1", minimum required is "3.0") found components: Interpreter 
  -- Performing Test LLVM_LIBSTDCXX_MIN
  -- Performing Test LLVM_LIBSTDCXX_MIN - Success
  -- Performing Test LLVM_LIBSTDCXX_SOFT_ERROR
  -- Performing Test LLVM_LIBSTDCXX_SOFT_ERROR - Success
  -- Looking for dlfcn.h
  -- Looking for dlfcn.h - found
  -- Looking for errno.h
  -- Looking for errno.h - found
  -- Looking for fcntl.h
  -- Looking for fcntl.h - found
  -- Looking for link.h
  -- Looking for link.h - found
  -- Looking for malloc/malloc.h
  -- Looking for malloc/malloc.h - not found
  -- Looking for pthread.h
  -- Looking for pthread.h - found
  -- Looking for signal.h
  -- Looking for signal.h - found
  -- Looking for sys/ioctl.h
  -- Looking for sys/ioctl.h - found
  -- Looking for sys/mman.h
  -- Looking for sys/mman.h - found
  -- Looking for sys/param.h
  -- Looking for sys/param.h - found
  -- Looking for sys/resource.h
  -- Looking for sys/resource.h - found
  -- Looking for sys/stat.h
  -- Looking for sys/stat.h - found
  -- Looking for sys/time.h
  -- Looking for sys/time.h - found
  -- Looking for sysexits.h
  -- Looking for sysexits.h - found
  -- Looking for termios.h
  -- Looking for termios.h - found
  -- Looking for unistd.h
  -- Looking for unistd.h - found
  -- Looking for valgrind/valgrind.h
  -- Looking for valgrind/valgrind.h - not found
  -- Looking for fenv.h
  -- Looking for fenv.h - found
  -- Looking for FE_ALL_EXCEPT
  -- Looking for FE_ALL_EXCEPT - found
  -- Looking for FE_INEXACT
  -- Looking for FE_INEXACT - found
  -- Performing Test HAVE_BUILTIN_THREAD_POINTER
  -- Performing Test HAVE_BUILTIN_THREAD_POINTER - Success
  -- Looking for mach/mach.h
  -- Looking for mach/mach.h - not found
  -- Looking for CrashReporterClient.h
  -- Looking for CrashReporterClient.h - not found
  -- Looking for pthread_create in pthread
  -- Looking for pthread_create in pthread - not found
  -- Looking for pthread_create in c
  -- Looking for pthread_create in c - found
  -- Looking for pthread_rwlock_init in c
  -- Looking for pthread_rwlock_init in c - found
  -- Looking for pthread_mutex_lock in c
  -- Looking for pthread_mutex_lock in c - found
  -- Looking for dlopen in dl
  -- Looking for dlopen in dl - found
  -- Looking for clock_gettime in rt
  -- Looking for clock_gettime in rt - not found
  -- Looking for pfm_initialize in pfm
  -- Looking for pfm_initialize in pfm - not found
  -- Looking for compress2
  -- Looking for compress2 - found
  -- Could NOT find LibXml2 (missing: LIBXML2_INCLUDE_DIR) 
  -- Could NOT find LibEdit (missing: LibEdit_INCLUDE_DIRS LibEdit_LIBRARIES) 
  -- Looking for arc4random
  -- Looking for arc4random - found
  -- Looking for backtrace
  -- Looking for backtrace - not found
  -- Could NOT find Backtrace (missing: Backtrace_LIBRARY) 
  -- Performing Test C_SUPPORTS_WERROR_UNGUARDED_AVAILABILITY_NEW
  -- Performing Test C_SUPPORTS_WERROR_UNGUARDED_AVAILABILITY_NEW - Success
  -- Looking for __register_frame
  -- Looking for __register_frame - found
  -- Looking for __deregister_frame
  -- Looking for __deregister_frame - found
  -- Looking for __unw_add_dynamic_fde
  -- Looking for __unw_add_dynamic_fde - found
  -- Looking for _Unwind_Backtrace
  -- Looking for _Unwind_Backtrace - found
  -- Looking for getpagesize
  -- Looking for getpagesize - found
  -- Looking for sysconf
  -- Looking for sysconf - found
  -- Looking for getrusage
  -- Looking for getrusage - found
  -- Looking for setrlimit
  -- Looking for setrlimit - found
  -- Looking for isatty
  -- Looking for isatty - found
  -- Looking for futimens
  -- Looking for futimens - found
  -- Looking for futimes
  -- Looking for futimes - not found
  -- Looking for sigaltstack
  -- Looking for sigaltstack - found
  -- Looking for mallctl
  -- Looking for mallctl - not found
  -- Looking for mallinfo
  -- Looking for mallinfo - found
  -- Looking for mallinfo2
  -- Looking for mallinfo2 - found
  -- Looking for malloc_zone_statistics
  -- Looking for malloc_zone_statistics - not found
  -- Looking for getrlimit
  -- Looking for getrlimit - found
  -- Looking for posix_spawn
  -- Looking for posix_spawn - found
  -- Looking for pread
  -- Looking for pread - found
  -- Looking for sbrk
  -- Looking for sbrk - found
  -- Looking for strerror_r
  -- Looking for strerror_r - found
  -- Looking for strerror_s
  -- Looking for strerror_s - not found
  -- Looking for setenv
  -- Looking for setenv - found
  -- Performing Test HAVE_STRUCT_STAT_ST_MTIMESPEC_TV_NSEC
  -- Performing Test HAVE_STRUCT_STAT_ST_MTIMESPEC_TV_NSEC - Failed
  -- Performing Test HAVE_STRUCT_STAT_ST_MTIM_TV_NSEC
  -- Performing Test HAVE_STRUCT_STAT_ST_MTIM_TV_NSEC - Success
  -- Looking for __GLIBC__
  -- Looking for __GLIBC__ - not found
  -- Looking for pthread_getname_np
  -- Looking for pthread_getname_np - not found
  -- Looking for pthread_setname_np
  -- Looking for pthread_setname_np - found
  -- Looking for dlopen
  -- Looking for dlopen - found
  -- Looking for dladdr
  -- Looking for dladdr - found
  -- Looking for proc_pid_rusage
  -- Looking for proc_pid_rusage - not found
  -- Performing Test HAVE_CXX_ATOMICS_WITHOUT_LIB
  -- Performing Test HAVE_CXX_ATOMICS_WITHOUT_LIB - Success
  -- Performing Test HAVE_CXX_ATOMICS64_WITHOUT_LIB
  -- Performing Test HAVE_CXX_ATOMICS64_WITHOUT_LIB - Success
  -- Performing Test LLVM_HAS_ATOMICS
  -- Performing Test LLVM_HAS_ATOMICS - Success
  -- LLVM host triple: x86_64-unknown-linux-gnu
  -- Native target architecture is AArch64
  -- Threads enabled.
  -- Doxygen disabled.
  -- Ninja version: 1.10.2
  -- Could NOT find OCaml (missing: OCAMLFIND OCAML_VERSION OCAML_STDLIB_PATH) 
  -- Could NOT find OCaml (missing: OCAMLFIND OCAML_VERSION OCAML_STDLIB_PATH) 
  -- OCaml bindings disabled.
  -- Found Python module pygments
  -- Found Python module pygments.lexers.c_cpp
  -- Found Python module yaml
  -- LLVM default target triple: x86_64-unknown-linux-gnu
  -- Performing Test C_SUPPORTS_FPIC
  -- Performing Test C_SUPPORTS_FPIC - Success
  -- Performing Test CXX_SUPPORTS_FPIC
  -- Performing Test CXX_SUPPORTS_FPIC - Success
  -- Building with -fPIC
  -- Performing Test C_SUPPORTS_FNO_SEMANTIC_INTERPOSITION
  -- Performing Test C_SUPPORTS_FNO_SEMANTIC_INTERPOSITION - Success
  -- Performing Test CXX_SUPPORTS_FNO_SEMANTIC_INTERPOSITION
  -- Performing Test CXX_SUPPORTS_FNO_SEMANTIC_INTERPOSITION - Success
  -- Performing Test SUPPORTS_FVISIBILITY_INLINES_HIDDEN_FLAG
  -- Performing Test SUPPORTS_FVISIBILITY_INLINES_HIDDEN_FLAG - Success
  -- Performing Test LINKER_SUPPORTS_COLOR_DIAGNOSTICS
  -- Performing Test LINKER_SUPPORTS_COLOR_DIAGNOSTICS - Success
  -- Looking for os_signpost_interval_begin
  -- Looking for os_signpost_interval_begin - not found
  -- Linker detection: LLD
  -- Setting native build dir to /workspaces/aps3x/app/.cxx/Release/3e3v414k/arm64-v8a/rpcs3/3rdparty/llvm/llvm_build/NATIVE
  -- Performing Test HAS_WERROR_GLOBAL_CTORS
  -- Performing Test HAS_WERROR_GLOBAL_CTORS - Success
  -- Performing Test LLVM_HAS_NOGLOBAL_CTOR_MUTEX
  -- Performing Test LLVM_HAS_NOGLOBAL_CTOR_MUTEX - Success
  -- Looking for __x86_64__
  -- Looking for __x86_64__ - not found
  -- Found Git: /usr/local/bin/git (found version "2.52.0") 
  -- Looking for logf128
  -- Looking for logf128 - not found
  -- Targeting AArch64
  -- Could NOT find LibXml2 (missing: LIBXML2_INCLUDE_DIR) 
  -- Looking for arpa/inet.h
  -- Looking for arpa/inet.h - found
  -- Looking for limits.h
  -- Looking for limits.h - found
  -- Looking for netdb.h
  -- Looking for netdb.h - found
  -- Looking for netinet/in.h
  -- Looking for netinet/in.h - found
  -- Looking for time.h
  -- Looking for time.h - found
  -- Looking for sys/socket.h
  -- Looking for sys/socket.h - found
  -- Looking for inttypes.h
  -- Looking for inttypes.h - found
  -- Looking for memory.h
  -- Looking for memory.h - found
  -- Looking for stdlib.h
  -- Looking for stdlib.h - found
  -- Looking for string.h
  -- Looking for string.h - found
  -- Looking for strings.h
  -- Looking for strings.h - found
  -- Looking for gethostbyname
  -- Looking for gethostbyname - found
  -- Looking for getaddrinfo
  -- Looking for getaddrinfo - found
  -- Looking for gettimeofday
  -- Looking for gettimeofday - found
  -- Looking for gmtime_r
  -- Looking for gmtime_r - found
  -- Looking for inet_ntoa
  -- Looking for inet_ntoa - found
  -- Looking for memset
  -- Looking for memset - found
  -- Looking for socket
  -- Looking for socket - found
  -- Looking for strftime
  -- Looking for strftime - found
  -- Looking for __atomic_fetch_add
  -- Looking for __atomic_fetch_add - not found
  -- Check size of __uint128_t
  -- Check size of __uint128_t - done
  -- Check size of long long
  -- Check size of long long - done
  -- Check size of long
  -- Check size of long - done
  -- Check size of time_t
  -- Check size of time_t - done
  -- Performing Test THREAD_LS_ON
  -- Performing Test THREAD_LS_ON - Success
  -- Looking for WOLFSSL_EXPERIMENTAL
  -- Looking for WOLFSSL_EXPERIMENTAL - not found
  -- Generating user options header...
  -- Static Libs: wolfcrypt/src/hmac.c;wolfcrypt/src/hash.c;wolfcrypt/src/cpuid.c;wolfcrypt/src/kdf.c;wolfcrypt/src/random.c;wolfcrypt/src/sha256.c;wolfcrypt/src/rsa.c;wolfcrypt/src/sp_int.c;wolfcrypt/src/aes.c;wolfcrypt/src/des3.c;wolfcrypt/src/sha.c;wolfcrypt/src/sha512.c;wolfcrypt/src/sha3.c;wolfcrypt/src/logging.c;wolfcrypt/src/wc_port.c;wolfcrypt/src/error.c;wolfcrypt/src/wc_encrypt.c;wolfcrypt/src/signature.c;wolfcrypt/src/wolfmath.c;wolfcrypt/src/memory.c;wolfcrypt/src/dh.c;wolfcrypt/src/asn.c;wolfcrypt/src/coding.c;wolfcrypt/src/poly1305.c;wolfcrypt/src/md5.c;wolfcrypt/src/pwdbased.c;wolfcrypt/src/pkcs12.c;wolfcrypt/src/chacha.c;wolfcrypt/src/chacha20_poly1305.c;wolfcrypt/src/tfm.c;wolfcrypt/src/integer.c;wolfcrypt/src/ecc.c;src/internal.c;src/wolfio.c;src/keys.c;src/ssl.c;src/ocsp.c;src/tls.c
  -- WOLFSSL_INCLUDE_DIRS is blank. No additional directories will be added.
  -- RPCS3: building libcurl + wolfssl submodules
  -- Using CMake version 3.22.1-g37088a8
  -- CMake platform flags: UNIX CROSS
  -- Cross-compiling: Linux/x86_64 -> Android/aarch64
  -- curl version=[8.10.1-DEV]
  -- Picky compiler options: -Werror-implicit-function-declaration -Wextra -Wall -pedantic -Wbad-function-cast -Wconversion -Winline -Wmissing-declarations -Wmissing-prototypes -Wnested-externs -Wno-long-long -Wno-multichar -Wpointer-arith -Wshadow -Wsign-compare -Wundef -Wunused -Wwrite-strings -Waddress -Wattributes -Wcast-align -Wdeclaration-after-statement -Wdiv-by-zero -Wempty-body -Wendif-labels -Wfloat-equal -Wformat-security -Wignored-qualifiers -Wmissing-field-initializers -Wmissing-noreturn -Wno-format-nonliteral -Wno-system-headers -Wold-style-definition -Wredundant-decls -Wsign-conversion -Wno-error=sign-conversion -Wstrict-prototypes -Wtype-limits -Wunreachable-code -Wunused-parameter -Wvla -Wshift-sign-overflow -Wshorten-64-to-32 -Wlanguage-extension-token -Wformat=2 -Wdouble-promotion -Wenum-conversion -Wpragmas -Wunused-const-variable -Wunreachable-code-break -Wheader-guard -Wsometimes-uninitialized -Wcomma -Wmissing-variable-declarations -Wassign-enum -Wextra-semi-stmt -Wimplicit-fallthrough
  -- Performing Test HAVE_SOCKADDR_IN6_SIN6_ADDR
  -- Performing Test HAVE_SOCKADDR_IN6_SIN6_ADDR - Success
  -- Performing Test HAVE_SOCKADDR_IN6_SIN6_SCOPE_ID
  -- Performing Test HAVE_SOCKADDR_IN6_SIN6_SCOPE_ID - Success
  -- Found Perl: /usr/bin/perl (found version "5.38.2") 
  -- Looking for connect in socket
  -- Looking for connect in socket - not found
  -- Looking for gethostname
  -- Looking for gethostname - found
  -- Looking for wolfSSL_DES_ecb_encrypt
  -- Looking for wolfSSL_DES_ecb_encrypt - not found
  -- Looking for wolfSSL_BIO_set_shutdown
  -- Looking for wolfSSL_BIO_set_shutdown - not found
  -- Looking for SSL_set0_wbio
  -- Looking for SSL_set0_wbio - not found
  -- Looking for SSL_CTX_set_srp_username
  -- Looking for SSL_CTX_set_srp_username - not found
  -- Checking for module 'libnghttp2'
  --   Package 'libnghttp2', required by 'virtual:world', not found
  -- Could NOT find NGHTTP2 (missing: NGHTTP2_INCLUDE_DIR NGHTTP2_LIBRARY) 
  -- Performing Test USE_UNIX_SOCKETS
  -- Performing Test USE_UNIX_SOCKETS - Success
  -- Looking for include file sys/eventfd.h
  -- Looking for include file sys/eventfd.h - found
  -- Looking for include files sys/eventfd.h, sys/filio.h
  -- Looking for include files sys/eventfd.h, sys/filio.h - not found
  -- Looking for include files sys/eventfd.h, sys/wait.h
  -- Looking for include files sys/eventfd.h, sys/wait.h - found
  -- Looking for 5 include files sys/eventfd.h, ..., sys/poll.h
  -- Looking for 5 include files sys/eventfd.h, ..., sys/poll.h - found
  -- Looking for 7 include files sys/eventfd.h, ..., sys/select.h
  -- Looking for 7 include files sys/eventfd.h, ..., sys/select.h - found
  -- Looking for 9 include files sys/eventfd.h, ..., sys/sockio.h
  -- Looking for 9 include files sys/eventfd.h, ..., sys/sockio.h - not found
  -- Looking for 12 include files sys/eventfd.h, ..., sys/un.h
  -- Looking for 12 include files sys/eventfd.h, ..., sys/un.h - found
  -- Looking for 13 include files sys/eventfd.h, ..., sys/utime.h
  -- Looking for 13 include files sys/eventfd.h, ..., sys/utime.h - not found
  -- Looking for 13 include files sys/eventfd.h, ..., sys/xattr.h
  -- Looking for 13 include files sys/eventfd.h, ..., sys/xattr.h - found
  -- Looking for 15 include files sys/eventfd.h, ..., dirent.h
  -- Looking for 15 include files sys/eventfd.h, ..., dirent.h - found
  -- Looking for 17 include files sys/eventfd.h, ..., ifaddrs.h
  -- Looking for 17 include files sys/eventfd.h, ..., ifaddrs.h - found
  -- Looking for 18 include files sys/eventfd.h, ..., io.h
  -- Looking for 18 include files sys/eventfd.h, ..., io.h - not found
  -- Looking for 18 include files sys/eventfd.h, ..., libgen.h
  -- Looking for 18 include files sys/eventfd.h, ..., libgen.h - found
  -- Looking for 19 include files sys/eventfd.h, ..., locale.h
  -- Looking for 19 include files sys/eventfd.h, ..., locale.h - found
  -- Looking for 20 include files sys/eventfd.h, ..., net/if.h
  -- Looking for 20 include files sys/eventfd.h, ..., net/if.h - found
  -- Looking for 23 include files sys/eventfd.h, ..., netinet/tcp.h
  -- Looking for 23 include files sys/eventfd.h, ..., netinet/tcp.h - found
  -- Looking for 24 include files sys/eventfd.h, ..., netinet/udp.h
  -- Looking for 24 include files sys/eventfd.h, ..., netinet/udp.h - found
  -- Looking for linux/tcp.h
  -- Looking for linux/tcp.h - found
  -- Looking for 26 include files sys/eventfd.h, ..., pwd.h
  -- Looking for 26 include files sys/eventfd.h, ..., pwd.h - found
  -- Looking for 27 include files sys/eventfd.h, ..., stdatomic.h
  -- Looking for 27 include files sys/eventfd.h, ..., stdatomic.h - found
  -- Looking for 28 include files sys/eventfd.h, ..., stdbool.h
  -- Looking for 28 include files sys/eventfd.h, ..., stdbool.h - found
  -- Looking for 30 include files sys/eventfd.h, ..., stropts.h
  -- Looking for 30 include files sys/eventfd.h, ..., stropts.h - not found
  -- Looking for 30 include files sys/eventfd.h, ..., termio.h
  -- Looking for 30 include files sys/eventfd.h, ..., termio.h - found
  -- Looking for 33 include files sys/eventfd.h, ..., utime.h
  -- Looking for 33 include files sys/eventfd.h, ..., utime.h - found
  -- Check size of size_t
  -- Check size of size_t - done
  -- Check size of ssize_t
  -- Check size of ssize_t - done
  -- Check size of int
  -- Check size of int - done
  -- Check size of __int64
  -- Check size of __int64 - failed
  -- Check size of suseconds_t
  -- Check size of suseconds_t - done
  -- Looking for fnmatch
  -- Looking for fnmatch - found
  -- Looking for basename
  -- Looking for basename - found
  -- Looking for opendir
  -- Looking for opendir - found
  -- Looking for sched_yield
  -- Looking for sched_yield - found
  -- Looking for socketpair
  -- Looking for socketpair - found
  -- Looking for recv
  -- Looking for recv - found
  -- Looking for send
  -- Looking for send - found
  -- Looking for sendmsg
  -- Looking for sendmsg - found
  -- Looking for select
  -- Looking for select - found
  -- Looking for strdup
  -- Looking for strdup - found
  -- Looking for strtok_r
  -- Looking for strtok_r - found
  -- Looking for strcasecmp
  -- Looking for strcasecmp - found
  -- Looking for stricmp
  -- Looking for stricmp - not found
  -- Looking for strcmpi
  -- Looking for strcmpi - not found
  -- Looking for memrchr
  -- Looking for memrchr - found
  -- Looking for alarm
  -- Looking for alarm - found
  -- Looking for arc4random
  -- Looking for arc4random - found
  -- Looking for fcntl
  -- Looking for fcntl - found
  -- Looking for getppid
  -- Looking for getppid - found
  -- Looking for utimes
  -- Looking for utimes - found
  -- Looking for closesocket
  -- Looking for closesocket - not found
  -- Looking for sigsetjmp
  -- Looking for sigsetjmp - found
  -- Looking for getpass_r
  -- Looking for getpass_r - not found
  -- Looking for getpwuid
  -- Looking for getpwuid - found
  -- Looking for getpwuid_r
  -- Looking for getpwuid_r - found
  -- Looking for geteuid
  -- Looking for geteuid - found
  -- Looking for utime
  -- Looking for utime - found
  -- Looking for gethostbyname_r
  -- Looking for gethostbyname_r - found
  -- Looking for signal
  -- Looking for signal - found
  -- Looking for strtoll
  -- Looking for strtoll - found
  -- Looking for sigaction
  -- Looking for sigaction - found
  -- Looking for siginterrupt
  -- Looking for siginterrupt - found
  -- Looking for getifaddrs
  -- Looking for getifaddrs - found
  -- Looking for freeaddrinfo
  -- Looking for freeaddrinfo - found
  -- Looking for pipe
  -- Looking for pipe - found
  -- Looking for eventfd
  -- Looking for eventfd - found
  -- Looking for ftruncate
  -- Looking for ftruncate - found
  -- Looking for _fseeki64
  -- Looking for _fseeki64 - not found
  -- Looking for getpeername
  -- Looking for getpeername - found
  -- Looking for getsockname
  -- Looking for getsockname - found
  -- Looking for if_nametoindex
  -- Looking for if_nametoindex - found
  -- Looking for setlocale
  -- Looking for setlocale - found
  -- Looking for setmode
  -- Looking for setmode - not found
  -- Looking for snprintf
  -- Looking for snprintf - found
  -- Looking for mach_absolute_time
  -- Looking for mach_absolute_time - not found
  -- Looking for inet_ntop
  -- Looking for inet_ntop - found
  -- Looking for inet_pton
  -- Looking for inet_pton - found
  -- Looking for fsetxattr
  -- Looking for fsetxattr - found
  -- Performing Test HAVE_FSETXATTR_5
  -- Performing Test HAVE_FSETXATTR_5 - Success
  -- Performing Test HAVE_FSETXATTR_6
  -- Performing Test HAVE_FSETXATTR_6 - Failed
  -- Check size of sa_family_t
  -- Check size of sa_family_t - done
  -- Performing Test HAVE_FCNTL_O_NONBLOCK
  -- Performing Test HAVE_FCNTL_O_NONBLOCK - Success
  -- Performing Test HAVE_IOCTLSOCKET
  -- Performing Test HAVE_IOCTLSOCKET - Failed
  -- Performing Test HAVE_IOCTLSOCKET_CAMEL
  -- Performing Test HAVE_IOCTLSOCKET_CAMEL - Failed
  -- Performing Test HAVE_IOCTLSOCKET_CAMEL_FIONBIO
  -- Performing Test HAVE_IOCTLSOCKET_CAMEL_FIONBIO - Failed
  -- Performing Test HAVE_IOCTLSOCKET_FIONBIO
  -- Performing Test HAVE_IOCTLSOCKET_FIONBIO - Failed
  -- Performing Test HAVE_IOCTL_FIONBIO
  -- Performing Test HAVE_IOCTL_FIONBIO - Success
  -- Performing Test HAVE_IOCTL_SIOCGIFADDR
  -- Performing Test HAVE_IOCTL_SIOCGIFADDR - Success
  -- Performing Test HAVE_SETSOCKOPT_SO_NONBLOCK
  -- Performing Test HAVE_SETSOCKOPT_SO_NONBLOCK - Failed
  -- Performing Test HAVE_O_NONBLOCK
  -- Performing Test HAVE_O_NONBLOCK - Failed
  -- Performing Test HAVE_GETHOSTBYNAME_R_3
  -- Performing Test HAVE_GETHOSTBYNAME_R_3 - Failed
  -- Performing Test HAVE_GETHOSTBYNAME_R_5
  -- Performing Test HAVE_GETHOSTBYNAME_R_5 - Failed
  -- Performing Test HAVE_GETHOSTBYNAME_R_6
  -- Performing Test HAVE_GETHOSTBYNAME_R_6 - Success
  -- Performing Test HAVE_GETHOSTBYNAME_R_3_REENTRANT
  -- Performing Test HAVE_GETHOSTBYNAME_R_3_REENTRANT - Failed
  -- Performing Test HAVE_GETHOSTBYNAME_R_5_REENTRANT
  -- Performing Test HAVE_GETHOSTBYNAME_R_5_REENTRANT - Failed
  -- Performing Test HAVE_GETHOSTBYNAME_R_6_REENTRANT
  -- Performing Test HAVE_GETHOSTBYNAME_R_6_REENTRANT - Success
  -- Performing Test HAVE_IN_ADDR_T
  -- Performing Test HAVE_IN_ADDR_T - Success
  -- Performing Test HAVE_BOOL_T
  -- Performing Test HAVE_BOOL_T - Success
  -- Performing Test STDC_HEADERS
  -- Performing Test STDC_HEADERS - Success
  -- Performing Test HAVE_FILE_OFFSET_BITS
  -- Performing Test HAVE_FILE_OFFSET_BITS - Success
  -- Performing Test HAVE_ATOMIC
  -- Performing Test HAVE_ATOMIC - Success
  -- Check size of off_t
  -- Check size of off_t - done
  -- Looking for fseeko
  -- Looking for fseeko - found
  -- Check size of curl_off_t
  -- Check size of curl_off_t - done
  -- Check size of curl_socket_t
  -- Check size of curl_socket_t - done
  -- Performing Test HAVE_GLIBC_STRERROR_R
  -- Performing Test HAVE_GLIBC_STRERROR_R - Failed
  -- Performing Test HAVE_POSIX_STRERROR_R
  -- Performing Test HAVE_POSIX_STRERROR_R - Success
  -- Performing Test HAVE_CLOCK_GETTIME_MONOTONIC
  -- Performing Test HAVE_CLOCK_GETTIME_MONOTONIC - Success
  -- Check size of struct sockaddr_storage
  -- Check size of struct sockaddr_storage - done
  -- Performing Test HAVE_MSG_NOSIGNAL
  -- Performing Test HAVE_MSG_NOSIGNAL - Success
  -- Performing Test HAVE_STRUCT_TIMEVAL
  -- Performing Test HAVE_STRUCT_TIMEVAL - Success
  -- Performing Test HAVE_POLL_FINE
  -- Performing Test HAVE_POLL_FINE - Failed
  -- Performing Test HAVE_H_ERRNO
  -- Performing Test HAVE_H_ERRNO - Success
  -- Performing Test HAVE_CLOCK_GETTIME_MONOTONIC_RAW
  -- Performing Test HAVE_CLOCK_GETTIME_MONOTONIC_RAW - Success
  -- Protocols: http ipfs ipns
  -- Features: alt-svc AsynchDNS IPv6 Largefile libz threadsafe UnixSockets
  -- Enabled SSL backends: 
  -- Configuring incomplete, errors occurred!
  See also "/workspaces/aps3x/app/.cxx/Release/3e3v414k/arm64-v8a/CMakeFiles/CMakeOutput.log".
  See also "/workspaces/aps3x/app/.cxx/Release/3e3v414k/arm64-v8a/CMakeFiles/CMakeError.log".
  
  C++ build system [configure] failed while executing:
      /home/codespace/Android/Sdk/cmake/3.22.1/bin/cmake \
        -H/workspaces/aps3x/app/src/main/cpp \
        -DCMAKE_SYSTEM_NAME=Android \
        -DCMAKE_EXPORT_COMPILE_COMMANDS=ON \
        -DCMAKE_SYSTEM_VERSION=28 \
        -DANDROID_PLATFORM=android-28 \
        -DANDROID_ABI=arm64-v8a \
        -DCMAKE_ANDROID_ARCH_ABI=arm64-v8a \
        -DANDROID_NDK=/home/codespace/Android/Sdk/ndk/27.0.12077973 \
        -DCMAKE_ANDROID_NDK=/home/codespace/Android/Sdk/ndk/27.0.12077973 \
        -DCMAKE_TOOLCHAIN_FILE=/home/codespace/Android/Sdk/ndk/27.0.12077973/build/cmake/android.toolchain.cmake \
        -DCMAKE_MAKE_PROGRAM=/home/codespace/Android/Sdk/cmake/3.22.1/bin/ninja \
        "-DCMAKE_C_FLAGS=-Ofast -flto=thin -fomit-frame-pointer" \
        "-DCMAKE_CXX_FLAGS= -Ofast -flto=thin -fomit-frame-pointer -ffast-math" \
        -DCMAKE_LIBRARY_OUTPUT_DIRECTORY=/workspaces/aps3x/app/build/intermediates/cxx/Release/3e3v414k/obj/arm64-v8a \
        -DCMAKE_RUNTIME_OUTPUT_DIRECTORY=/workspaces/aps3x/app/build/intermediates/cxx/Release/3e3v414k/obj/arm64-v8a \
        -B/workspaces/aps3x/app/.cxx/Release/3e3v414k/arm64-v8a \
        -GNinja \
        -DANDROID_STL=c++_shared \
        -DCMAKE_BUILD_TYPE=Release \
        "-DCMAKE_C_FLAGS_RELEASE=-Ofast -flto=thin -DNDEBUG" \
        "-DCMAKE_CXX_FLAGS_RELEASE=-Ofast -flto=thin -DNDEBUG"
    from /workspaces/aps3x/app
  -- Dependency: adding libc (Android target detected)
  ** AsmJit Summary **
     ASMJIT_DIR=/workspaces/aps3x/app/src/main/cpp/rpcs3/3rdparty/asmjit/asmjit
     ASMJIT_TEST=FALSE
     ASMJIT_TARGET_TYPE=EMBED
     ASMJIT_DEPS=c
     ASMJIT_LIBS=c
     ASMJIT_CFLAGS=-DASMJIT_STATIC;-DASMJIT_NO_DEPRECATED
     ASMJIT_PRIVATE_CFLAGS=-Wall;-Wextra;-Wconversion;-fno-math-errno;-fno-threadsafe-statics;-fno-semantic-interposition;-DASMJIT_STATIC;-DASMJIT_NO_DEPRECATED
     ASMJIT_PRIVATE_CFLAGS_DBG=
     ASMJIT_PRIVATE_CFLAGS_REL=-O2;-fmerge-all-constants
  CMake Error at rpcs3/CMakeLists.txt:130 (message):
    RPCS3 doesn't support building with LTO, use -DDISABLE_LTO=TRUE to
    force-disable it
  	at com.android.build.gradle.internal.cxx.process.ExecuteProcessKt.execute(ExecuteProcess.kt:288)
  	at com.android.build.gradle.internal.cxx.process.ExecuteProcessKt$executeProcess$1.invoke(ExecuteProcess.kt:108)
  	at com.android.build.gradle.internal.cxx.process.ExecuteProcessKt$executeProcess$1.invoke(ExecuteProcess.kt:106)
  	at com.android.build.gradle.internal.cxx.timing.TimingEnvironmentKt.time(TimingEnvironment.kt:32)
  	at com.android.build.gradle.internal.cxx.process.ExecuteProcessKt.executeProcess(ExecuteProcess.kt:106)
  	at com.android.build.gradle.internal.cxx.process.ExecuteProcessKt.executeProcess$default(ExecuteProcess.kt:85)
  	at com.android.build.gradle.tasks.CmakeQueryMetadataGenerator.executeProcess(CmakeFileApiMetadataGenerator.kt:59)
  	at com.android.build.gradle.tasks.ExternalNativeJsonGenerator$configureOneAbi$1$1$3.invoke(ExternalNativeJsonGenerator.kt:247)
  	at com.android.build.gradle.tasks.ExternalNativeJsonGenerator$configureOneAbi$1$1$3.invoke(ExternalNativeJsonGenerator.kt:247)
  	at com.android.build.gradle.internal.cxx.timing.TimingEnvironmentKt.time(TimingEnvironment.kt:32)
  	at com.android.build.gradle.tasks.ExternalNativeJsonGenerator.configureOneAbi(ExternalNativeJsonGenerator.kt:247)
  	at com.android.build.gradle.tasks.ExternalNativeJsonGenerator.configure(ExternalNativeJsonGenerator.kt:113)
  	at com.android.build.gradle.tasks.ExternalNativeBuildJsonTask.doTaskAction(ExternalNativeBuildJsonTask.kt:89)
  	at com.android.build.gradle.internal.tasks.UnsafeOutputsTask$taskAction$$inlined$recordTaskAction$1.invoke(BaseTask.kt:59)
  	at com.android.build.gradle.internal.tasks.Blocks.recordSpan(Blocks.java:51)
  	at com.android.build.gradle.internal.tasks.UnsafeOutputsTask.taskAction(UnsafeOutputsTask.kt:81)
  	at java.base/jdk.internal.reflect.NativeMethodAccessorImpl.invoke0(Native Method)
  	at java.base/jdk.internal.reflect.NativeMethodAccessorImpl.invoke(NativeMethodAccessorImpl.java:77)
  	at java.base/jdk.internal.reflect.DelegatingMethodAccessorImpl.invoke(DelegatingMethodAccessorImpl.java:43)
  	at java.base/java.lang.reflect.Method.invoke(Method.java:569)
  	at org.gradle.internal.reflect.JavaMethod.invoke(JavaMethod.java:125)
  	at org.gradle.api.internal.project.taskfactory.StandardTaskAction.doExecute(StandardTaskAction.java:58)
  	at org.gradle.api.internal.project.taskfactory.StandardTaskAction.execute(StandardTaskAction.java:51)
  	at org.gradle.api.internal.project.taskfactory.StandardTaskAction.execute(StandardTaskAction.java:29)
  	at org.gradle.api.internal.tasks.execution.TaskExecution$3.run(TaskExecution.java:244)
  	at org.gradle.internal.operations.DefaultBuildOperationRunner$1.execute(DefaultBuildOperationRunner.java:29)
  	at org.gradle.internal.operations.DefaultBuildOperationRunner$1.execute(DefaultBuildOperationRunner.java:26)
  	at org.gradle.internal.operations.DefaultBuildOperationRunner$2.execute(DefaultBuildOperationRunner.java:66)
  	at org.gradle.internal.operations.DefaultBuildOperationRunner$2.execute(DefaultBuildOperationRunner.java:59)
  	at org.gradle.internal.operations.DefaultBuildOperationRunner.execute(DefaultBuildOperationRunner.java:166)
  	at org.gradle.internal.operations.DefaultBuildOperationRunner.execute(DefaultBuildOperationRunner.java:59)
  	at org.gradle.internal.operations.DefaultBuildOperationRunner.run(DefaultBuildOperationRunner.java:47)
  	at org.gradle.api.internal.tasks.execution.TaskExecution.executeAction(TaskExecution.java:229)
  	at org.gradle.api.internal.tasks.execution.TaskExecution.executeActions(TaskExecution.java:212)
  	at org.gradle.api.internal.tasks.execution.TaskExecution.executeWithPreviousOutputFiles(TaskExecution.java:195)
  	at org.gradle.api.internal.tasks.execution.TaskExecution.execute(TaskExecution.java:162)
  	at org.gradle.internal.execution.steps.ExecuteStep.executeInternal(ExecuteStep.java:105)
  	at org.gradle.internal.execution.steps.ExecuteStep.access$000(ExecuteStep.java:44)
  	at org.gradle.internal.execution.steps.ExecuteStep$1.call(ExecuteStep.java:59)
  	at org.gradle.internal.execution.steps.ExecuteStep$1.call(ExecuteStep.java:56)
  	at org.gradle.internal.operations.DefaultBuildOperationRunner$CallableBuildOperationWorker.execute(DefaultBuildOperationRunner.java:209)
  	at org.gradle.internal.operations.DefaultBuildOperationRunner$CallableBuildOperationWorker.execute(DefaultBuildOperationRunner.java:204)
  	at org.gradle.internal.operations.DefaultBuildOperationRunner$2.execute(DefaultBuildOperationRunner.java:66)
  	at org.gradle.internal.operations.DefaultBuildOperationRunner$2.execute(DefaultBuildOperationRunner.java:59)
  	at org.gradle.internal.operations.DefaultBuildOperationRunner.execute(DefaultBuildOperationRunner.java:166)
  	at org.gradle.internal.operations.DefaultBuildOperationRunner.execute(DefaultBuildOperationRunner.java:59)
  	at org.gradle.internal.operations.DefaultBuildOperationRunner.call(DefaultBuildOperationRunner.java:53)
  	at org.gradle.internal.execution.steps.ExecuteStep.execute(ExecuteStep.java:56)
  	at org.gradle.internal.execution.steps.ExecuteStep.execute(ExecuteStep.java:44)
  	at org.gradle.internal.execution.steps.CancelExecutionStep.execute(CancelExecutionStep.java:42)
  	at org.gradle.internal.execution.steps.TimeoutStep.executeWithoutTimeout(TimeoutStep.java:75)
  	at org.gradle.internal.execution.steps.TimeoutStep.execute(TimeoutStep.java:55)
  	at org.gradle.internal.execution.steps.PreCreateOutputParentsStep.execute(PreCreateOutputParentsStep.java:50)
  	at org.gradle.internal.execution.steps.PreCreateOutputParentsStep.execute(PreCreateOutputParentsStep.java:28)
  	at org.gradle.internal.execution.steps.RemovePreviousOutputsStep.execute(RemovePreviousOutputsStep.java:67)
  	at org.gradle.internal.execution.steps.RemovePreviousOutputsStep.execute(RemovePreviousOutputsStep.java:37)
  	at org.gradle.internal.execution.steps.BroadcastChangingOutputsStep.execute(BroadcastChangingOutputsStep.java:61)
  	at org.gradle.internal.execution.steps.BroadcastChangingOutputsStep.execute(BroadcastChangingOutputsStep.java:26)
  	at org.gradle.internal.execution.steps.CaptureOutputsAfterExecutionStep.execute(CaptureOutputsAfterExecutionStep.java:69)
  	at org.gradle.internal.execution.steps.CaptureOutputsAfterExecutionStep.execute(CaptureOutputsAfterExecutionStep.java:46)
  	at org.gradle.internal.execution.steps.ResolveInputChangesStep.execute(ResolveInputChangesStep.java:40)
  	at org.gradle.internal.execution.steps.ResolveInputChangesStep.execute(ResolveInputChangesStep.java:29)
  	at org.gradle.internal.execution.steps.BuildCacheStep.executeWithoutCache(BuildCacheStep.java:189)
  	at org.gradle.internal.execution.steps.BuildCacheStep.lambda$execute$1(BuildCacheStep.java:75)
  	at org.gradle.internal.Either$Right.fold(Either.java:175)
  	at org.gradle.internal.execution.caching.CachingState.fold(CachingState.java:62)
  	at org.gradle.internal.execution.steps.BuildCacheStep.execute(BuildCacheStep.java:73)
  	at org.gradle.internal.execution.steps.BuildCacheStep.execute(BuildCacheStep.java:48)
  	at org.gradle.internal.execution.steps.StoreExecutionStateStep.execute(StoreExecutionStateStep.java:46)
  	at org.gradle.internal.execution.steps.StoreExecutionStateStep.execute(StoreExecutionStateStep.java:35)
  	at org.gradle.internal.execution.steps.SkipUpToDateStep.executeBecause(SkipUpToDateStep.java:75)
  	at org.gradle.internal.execution.steps.SkipUpToDateStep.lambda$execute$2(SkipUpToDateStep.java:53)
  	at java.base/java.util.Optional.orElseGet(Optional.java:364)
  	at org.gradle.internal.execution.steps.SkipUpToDateStep.execute(SkipUpToDateStep.java:53)
  	at org.gradle.internal.execution.steps.SkipUpToDateStep.execute(SkipUpToDateStep.java:35)
  	at org.gradle.internal.execution.steps.legacy.MarkSnapshottingInputsFinishedStep.execute(MarkSnapshottingInputsFinishedStep.java:37)
  	at org.gradle.internal.execution.steps.legacy.MarkSnapshottingInputsFinishedStep.execute(MarkSnapshottingInputsFinishedStep.java:27)
  	at org.gradle.internal.execution.steps.ResolveIncrementalCachingStateStep.executeDelegate(ResolveIncrementalCachingStateStep.java:49)
  	at org.gradle.internal.execution.steps.ResolveIncrementalCachingStateStep.executeDelegate(ResolveIncrementalCachingStateStep.java:27)
  	at org.gradle.internal.execution.steps.AbstractResolveCachingStateStep.execute(AbstractResolveCachingStateStep.java:71)
  	at org.gradle.internal.execution.steps.AbstractResolveCachingStateStep.execute(AbstractResolveCachingStateStep.java:39)
  	at org.gradle.internal.execution.steps.ResolveChangesStep.execute(ResolveChangesStep.java:65)
  	at org.gradle.internal.execution.steps.ResolveChangesStep.execute(ResolveChangesStep.java:36)
  	at org.gradle.internal.execution.steps.ValidateStep.execute(ValidateStep.java:107)
  	at org.gradle.internal.execution.steps.ValidateStep.execute(ValidateStep.java:56)
  	at org.gradle.internal.execution.steps.AbstractCaptureStateBeforeExecutionStep.execute(AbstractCaptureStateBeforeExecutionStep.java:64)
  	at org.gradle.internal.execution.steps.AbstractCaptureStateBeforeExecutionStep.execute(AbstractCaptureStateBeforeExecutionStep.java:43)
  	at org.gradle.internal.execution.steps.AbstractSkipEmptyWorkStep.executeWithNonEmptySources(AbstractSkipEmptyWorkStep.java:125)
  	at org.gradle.internal.execution.steps.AbstractSkipEmptyWorkStep.execute(AbstractSkipEmptyWorkStep.java:56)
  	at org.gradle.internal.execution.steps.AbstractSkipEmptyWorkStep.execute(AbstractSkipEmptyWorkStep.java:36)
  	at org.gradle.internal.execution.steps.legacy.MarkSnapshottingInputsStartedStep.execute(MarkSnapshottingInputsStartedStep.java:38)
  	at org.gradle.internal.execution.steps.LoadPreviousExecutionStateStep.execute(LoadPreviousExecutionStateStep.java:36)
  	at org.gradle.internal.execution.steps.LoadPreviousExecutionStateStep.execute(LoadPreviousExecutionStateStep.java:23)
  	at org.gradle.internal.execution.steps.HandleStaleOutputsStep.execute(HandleStaleOutputsStep.java:75)
  	at org.gradle.internal.execution.steps.HandleStaleOutputsStep.execute(HandleStaleOutputsStep.java:41)
  	at org.gradle.internal.execution.steps.AssignMutableWorkspaceStep.lambda$execute$0(AssignMutableWorkspaceStep.java:35)
  	at org.gradle.api.internal.tasks.execution.TaskExecution$4.withWorkspace(TaskExecution.java:289)
  	at org.gradle.internal.execution.steps.AssignMutableWorkspaceStep.execute(AssignMutableWorkspaceStep.java:31)
  	at org.gradle.internal.execution.steps.AssignMutableWorkspaceStep.execute(AssignMutableWorkspaceStep.java:22)
  	at org.gradle.internal.execution.steps.ChoosePipelineStep.execute(ChoosePipelineStep.java:40)
  	at org.gradle.internal.execution.steps.ChoosePipelineStep.execute(ChoosePipelineStep.java:23)
  	at org.gradle.internal.execution.steps.ExecuteWorkBuildOperationFiringStep.lambda$execute$2(ExecuteWorkBuildOperationFiringStep.java:67)
  	at java.base/java.util.Optional.orElseGet(Optional.java:364)
  	at org.gradle.internal.execution.steps.ExecuteWorkBuildOperationFiringStep.execute(ExecuteWorkBuildOperationFiringStep.java:67)
  	at org.gradle.internal.execution.steps.ExecuteWorkBuildOperationFiringStep.execute(ExecuteWorkBuildOperationFiringStep.java:39)
  	at org.gradle.internal.execution.steps.IdentityCacheStep.execute(IdentityCacheStep.java:46)
  	at org.gradle.internal.execution.steps.IdentityCacheStep.execute(IdentityCacheStep.java:34)
  	at org.gradle.internal.execution.steps.IdentifyStep.execute(IdentifyStep.java:48)
  	at org.gradle.internal.execution.steps.IdentifyStep.execute(IdentifyStep.java:35)
  	at org.gradle.internal.execution.impl.DefaultExecutionEngine$1.execute(DefaultExecutionEngine.java:61)
  	at org.gradle.api.internal.tasks.execution.ExecuteActionsTaskExecuter.executeIfValid(ExecuteActionsTaskExecuter.java:127)
  	at org.gradle.api.internal.tasks.execution.ExecuteActionsTaskExecuter.execute(ExecuteActionsTaskExecuter.java:116)
  	at org.gradle.api.internal.tasks.execution.FinalizePropertiesTaskExecuter.execute(FinalizePropertiesTaskExecuter.java:46)
  	at org.gradle.api.internal.tasks.execution.ResolveTaskExecutionModeExecuter.execute(ResolveTaskExecutionModeExecuter.java:51)
  	at org.gradle.api.internal.tasks.execution.SkipTaskWithNoActionsExecuter.execute(SkipTaskWithNoActionsExecuter.java:57)
  	at org.gradle.api.internal.tasks.execution.SkipOnlyIfTaskExecuter.execute(SkipOnlyIfTaskExecuter.java:74)
  	at org.gradle.api.internal.tasks.execution.CatchExceptionTaskExecuter.execute(CatchExceptionTaskExecuter.java:36)
  	at org.gradle.api.internal.tasks.execution.EventFiringTaskExecuter$1.executeTask(EventFiringTaskExecuter.java:77)
  	at org.gradle.api.internal.tasks.execution.EventFiringTaskExecuter$1.call(EventFiringTaskExecuter.java:55)
  	at org.gradle.api.internal.tasks.execution.EventFiringTaskExecuter$1.call(EventFiringTaskExecuter.java:52)
  	at org.gradle.internal.operations.DefaultBuildOperationRunner$CallableBuildOperationWorker.execute(DefaultBuildOperationRunner.java:209)
  	at org.gradle.internal.operations.DefaultBuildOperationRunner$CallableBuildOperationWorker.execute(DefaultBuildOperationRunner.java:204)
  	at org.gradle.internal.operations.DefaultBuildOperationRunner$2.execute(DefaultBuildOperationRunner.java:66)
  	at org.gradle.internal.operations.DefaultBuildOperationRunner$2.execute(DefaultBuildOperationRunner.java:59)
  	at org.gradle.internal.operations.DefaultBuildOperationRunner.execute(DefaultBuildOperationRunner.java:166)
  	at org.gradle.internal.operations.DefaultBuildOperationRunner.execute(DefaultBuildOperationRunner.java:59)
  	at org.gradle.internal.operations.DefaultBuildOperationRunner.call(DefaultBuildOperationRunner.java:53)
  	at org.gradle.api.internal.tasks.execution.EventFiringTaskExecuter.execute(EventFiringTaskExecuter.java:52)
  	at org.gradle.execution.plan.LocalTaskNodeExecutor.execute(LocalTaskNodeExecutor.java:42)
  	at org.gradle.execution.taskgraph.DefaultTaskExecutionGraph$InvokeNodeExecutorsAction.execute(DefaultTaskExecutionGraph.java:331)
  	at org.gradle.execution.taskgraph.DefaultTaskExecutionGraph$InvokeNodeExecutorsAction.execute(DefaultTaskExecutionGraph.java:318)
  	at org.gradle.execution.taskgraph.DefaultTaskExecutionGraph$BuildOperationAwareExecutionAction.lambda$execute$0(DefaultTaskExecutionGraph.java:314)
  	at org.gradle.internal.operations.CurrentBuildOperationRef.with(CurrentBuildOperationRef.java:85)
  	at org.gradle.execution.taskgraph.DefaultTaskExecutionGraph$BuildOperationAwareExecutionAction.execute(DefaultTaskExecutionGraph.java:314)
  	at org.gradle.execution.taskgraph.DefaultTaskExecutionGraph$BuildOperationAwareExecutionAction.execute(DefaultTaskExecutionGraph.java:303)
  	at org.gradle.execution.plan.DefaultPlanExecutor$ExecutorWorker.execute(DefaultPlanExecutor.java:459)
  	at org.gradle.execution.plan.DefaultPlanExecutor$ExecutorWorker.run(DefaultPlanExecutor.java:376)
  	at org.gradle.execution.plan.DefaultPlanExecutor.process(DefaultPlanExecutor.java:111)
  	at org.gradle.execution.taskgraph.DefaultTaskExecutionGraph.executeWithServices(DefaultTaskExecutionGraph.java:138)
  	at org.gradle.execution.taskgraph.DefaultTaskExecutionGraph.execute(DefaultTaskExecutionGraph.java:123)
  	at org.gradle.execution.SelectedTaskExecutionAction.execute(SelectedTaskExecutionAction.java:35)
  	at org.gradle.execution.DryRunBuildExecutionAction.execute(DryRunBuildExecutionAction.java:51)
  	at org.gradle.execution.BuildOperationFiringBuildWorkerExecutor$ExecuteTasks.call(BuildOperationFiringBuildWorkerExecutor.java:54)
  	at org.gradle.execution.BuildOperationFiringBuildWorkerExecutor$ExecuteTasks.call(BuildOperationFiringBuildWorkerExecutor.java:43)
  	at org.gradle.internal.operations.DefaultBuildOperationRunner$CallableBuildOperationWorker.execute(DefaultBuildOperationRunner.java:209)
  	at org.gradle.internal.operations.DefaultBuildOperationRunner$CallableBuildOperationWorker.execute(DefaultBuildOperationRunner.java:204)
  	at org.gradle.internal.operations.DefaultBuildOperationRunner$2.execute(DefaultBuildOperationRunner.java:66)
  	at org.gradle.internal.operations.DefaultBuildOperationRunner$2.execute(DefaultBuildOperationRunner.java:59)
  	at org.gradle.internal.operations.DefaultBuildOperationRunner.execute(DefaultBuildOperationRunner.java:166)
  	at org.gradle.internal.operations.DefaultBuildOperationRunner.execute(DefaultBuildOperationRunner.java:59)
  	at org.gradle.internal.operations.DefaultBuildOperationRunner.call(DefaultBuildOperationRunner.java:53)
  	at org.gradle.execution.BuildOperationFiringBuildWorkerExecutor.execute(BuildOperationFiringBuildWorkerExecutor.java:40)
  	at org.gradle.internal.build.DefaultBuildLifecycleController.lambda$executeTasks$10(DefaultBuildLifecycleController.java:313)
  	at org.gradle.internal.model.StateTransitionController.doTransition(StateTransitionController.java:266)
  	at org.gradle.internal.model.StateTransitionController.lambda$tryTransition$8(StateTransitionController.java:177)
  	at org.gradle.internal.work.DefaultSynchronizer.withLock(DefaultSynchronizer.java:44)
  	at org.gradle.internal.model.StateTransitionController.tryTransition(StateTransitionController.java:177)
  	at org.gradle.internal.build.DefaultBuildLifecycleController.executeTasks(DefaultBuildLifecycleController.java:304)
  	at org.gradle.internal.build.DefaultBuildWorkGraphController$DefaultBuildWorkGraph.runWork(DefaultBuildWorkGraphController.java:220)
  	at org.gradle.internal.work.DefaultWorkerLeaseService.withLocks(DefaultWorkerLeaseService.java:263)
  	at org.gradle.internal.work.DefaultWorkerLeaseService.runAsWorkerThread(DefaultWorkerLeaseService.java:127)
  	at org.gradle.composite.internal.DefaultBuildController.doRun(DefaultBuildController.java:181)
  	at org.gradle.composite.internal.DefaultBuildController.access$000(DefaultBuildController.java:50)
  	at org.gradle.composite.internal.DefaultBuildController$BuildOpRunnable.lambda$run$0(DefaultBuildController.java:198)
  	at org.gradle.internal.operations.CurrentBuildOperationRef.with(CurrentBuildOperationRef.java:85)
  	at org.gradle.composite.internal.DefaultBuildController$BuildOpRunnable.run(DefaultBuildController.java:198)
  	at java.base/java.util.concurrent.Executors$RunnableAdapter.call(Executors.java:539)
  	at java.base/java.util.concurrent.FutureTask.run(FutureTask.java:264)
  	at org.gradle.internal.concurrent.ExecutorPolicy$CatchAndRecordFailures.onExecute(ExecutorPolicy.java:64)
  	at org.gradle.internal.concurrent.AbstractManagedExecutor$1.run(AbstractManagedExecutor.java:48)
  	at java.base/java.util.concurrent.ThreadPoolExecutor.runWorker(ThreadPoolExecutor.java:1136)
  	at java.base/java.util.concurrent.ThreadPoolExecutor$Worker.run(ThreadPoolExecutor.java:635)
  	at java.base/java.lang.Thread.run(Thread.java:840)
  Caused by: com.android.ide.common.process.ProcessException: Error while executing process /home/codespace/Android/Sdk/cmake/3.22.1/bin/cmake with arguments {-H/workspaces/aps3x/app/src/main/cpp -DCMAKE_SYSTEM_NAME=Android -DCMAKE_EXPORT_COMPILE_COMMANDS=ON -DCMAKE_SYSTEM_VERSION=28 -DANDROID_PLATFORM=android-28 -DANDROID_ABI=arm64-v8a -DCMAKE_ANDROID_ARCH_ABI=arm64-v8a -DANDROID_NDK=/home/codespace/Android/Sdk/ndk/27.0.12077973 -DCMAKE_ANDROID_NDK=/home/codespace/Android/Sdk/ndk/27.0.12077973 -DCMAKE_TOOLCHAIN_FILE=/home/codespace/Android/Sdk/ndk/27.0.12077973/build/cmake/android.toolchain.cmake -DCMAKE_MAKE_PROGRAM=/home/codespace/Android/Sdk/cmake/3.22.1/bin/ninja -DCMAKE_C_FLAGS=-Ofast -flto=thin -fomit-frame-pointer -DCMAKE_CXX_FLAGS= -Ofast -flto=thin -fomit-frame-pointer -ffast-math -DCMAKE_LIBRARY_OUTPUT_DIRECTORY=/workspaces/aps3x/app/build/intermediates/cxx/Release/3e3v414k/obj/arm64-v8a -DCMAKE_RUNTIME_OUTPUT_DIRECTORY=/workspaces/aps3x/app/build/intermediates/cxx/Release/3e3v414k/obj/arm64-v8a -B/workspaces/aps3x/app/.cxx/Release/3e3v414k/arm64-v8a -GNinja -DANDROID_STL=c++_shared -DCMAKE_BUILD_TYPE=Release -DCMAKE_C_FLAGS_RELEASE=-Ofast -flto=thin -DNDEBUG -DCMAKE_CXX_FLAGS_RELEASE=-Ofast -flto=thin -DNDEBUG}
  	at com.android.build.gradle.internal.process.GradleProcessResult.buildProcessException(GradleProcessResult.java:73)
  	at com.android.build.gradle.internal.process.GradleProcessResult.assertNormalExitValue(GradleProcessResult.java:48)
  	at com.android.build.gradle.internal.cxx.process.ExecuteProcessKt.execute(ExecuteProcess.kt:277)
  	... 172 more
  Caused by: org.gradle.process.internal.ExecException: Process 'command '/home/codespace/Android/Sdk/cmake/3.22.1/bin/cmake'' finished with non-zero exit value 1
  	at org.gradle.process.internal.DefaultExecHandle$ExecResultImpl.assertNormalExitValue(DefaultExecHandle.java:442)
  	at com.android.build.gradle.internal.process.GradleProcessResult.assertNormalExitValue(GradleProcessResult.java:46)
  	... 173 more


* Try:
> Run with --stacktrace option to get the stack trace.
> Run with --info or --debug option to get more log output.
> Run with --scan to get full insights.
> Get more help at https://help.gradle.org.

BUILD FAILED in 1m 40s
15 actionable tasks: 15 executed
